[2025-04-19 18:14:39:953][background-preinit] INFO  o.h.validator.internal.util.Version - HV000001: Hibernate Validator 8.0.2.Final
[2025-04-19 18:14:39:1003][restartedMain] INFO  com.dssns.board.BoardApplication - Starting BoardApplication using Java 17.0.13 with PID 2351 (/Users/dongseoklee/github/Classification/my_projects/dsSnsPlatform2/board/build/classes/java/main started by dongseoklee in /Users/dongseoklee/github/Classification/my_projects/dsSnsPlatform2)
[2025-04-19 18:14:39:1003][restartedMain] INFO  com.dssns.board.BoardApplication - Starting BoardApplication using Java 17.0.13 with PID 2351 (/Users/dongseoklee/github/Classification/my_projects/dsSnsPlatform2/board/build/classes/java/main started by dongseoklee in /Users/dongseoklee/github/Classification/my_projects/dsSnsPlatform2)
[2025-04-19 18:14:39:1005][restartedMain] DEBUG com.dssns.board.BoardApplication - Running with Spring Boot v3.3.7, Spring v6.1.16
[2025-04-19 18:14:39:1005][restartedMain] DEBUG com.dssns.board.BoardApplication - Running with Spring Boot v3.3.7, Spring v6.1.16
[2025-04-19 18:14:39:1006][restartedMain] INFO  com.dssns.board.BoardApplication - No active profile set, falling back to 1 default profile: "default"
[2025-04-19 18:14:39:1006][restartedMain] INFO  com.dssns.board.BoardApplication - No active profile set, falling back to 1 default profile: "default"
[2025-04-19 18:14:39:1043][restartedMain] INFO  o.s.b.d.e.DevToolsPropertyDefaultsPostProcessor - Devtools property defaults active! Set 'spring.devtools.add-properties' to 'false' to disable
[2025-04-19 18:14:39:1044][restartedMain] INFO  o.s.b.d.e.DevToolsPropertyDefaultsPostProcessor - For additional web related logging consider setting the 'logging.level.web' property to 'DEBUG'
[2025-04-19 18:14:40:1929][restartedMain] INFO  o.s.d.r.c.RepositoryConfigurationDelegate - Bootstrapping Spring Data JPA repositories in DEFAULT mode.
[2025-04-19 18:14:40:1961][restartedMain] INFO  o.s.d.r.c.RepositoryConfigurationDelegate - Finished Spring Data repository scanning in 28 ms. Found 2 JPA repository interfaces.
[2025-04-19 18:14:41:2392][restartedMain] INFO  o.s.b.w.e.tomcat.TomcatWebServer - Tomcat initialized with port 8201 (http)
[2025-04-19 18:14:41:2399][restartedMain] INFO  o.a.coyote.http11.Http11NioProtocol - Initializing ProtocolHandler ["http-nio-8201"]
[2025-04-19 18:14:41:2399][restartedMain] INFO  o.a.catalina.core.StandardService - Starting service [Tomcat]
[2025-04-19 18:14:41:2400][restartedMain] INFO  o.a.catalina.core.StandardEngine - Starting Servlet engine: [Apache Tomcat/10.1.34]
[2025-04-19 18:14:41:2425][restartedMain] INFO  o.a.c.c.C.[Tomcat].[localhost].[/] - Initializing Spring embedded WebApplicationContext
[2025-04-19 18:14:41:2425][restartedMain] INFO  o.s.b.w.s.c.ServletWebServerApplicationContext - Root WebApplicationContext: initialization completed in 1381 ms
[2025-04-19 18:14:41:2537][restartedMain] DEBUG c.dssns.common.config.WebConfig$1 - Filter 'requestTimingFilter' configured for use
[2025-04-19 18:14:41:2537][restartedMain] DEBUG c.dssns.common.config.WebConfig$1 - Filter 'requestTimingFilter' configured for use
[2025-04-19 18:14:41:2701][restartedMain] INFO  com.zaxxer.hikari.HikariDataSource - HikariPool-1 - Starting...
[2025-04-19 18:14:41:2946][restartedMain] INFO  com.zaxxer.hikari.pool.HikariPool - HikariPool-1 - Added connection com.mysql.cj.jdbc.ConnectionImpl@6805c369
[2025-04-19 18:14:41:2949][restartedMain] INFO  com.zaxxer.hikari.HikariDataSource - HikariPool-1 - Start completed.
[2025-04-19 18:14:41:2997][restartedMain] INFO  org.flywaydb.core.FlywayExecutor - Database: jdbc:mysql://localhost:3307/ds_sns (MySQL 8.0)
[2025-04-19 18:14:41:3026][restartedMain] INFO  o.f.c.i.s.JdbcTableSchemaHistory - Schema history table `ds_sns`.`flyway_schema_history` does not exist yet
[2025-04-19 18:14:41:3028][restartedMain] INFO  o.f.c.internal.command.DbValidate - Successfully validated 1 migration (execution time 00:00.012s)
[2025-04-19 18:14:41:3063][restartedMain] INFO  o.f.c.i.s.JdbcTableSchemaHistory - Creating Schema History table `ds_sns`.`flyway_schema_history` ...
[2025-04-19 18:14:42:3189][restartedMain] INFO  o.f.core.internal.command.DbMigrate - Current version of schema `ds_sns`: << Empty Schema >>
[2025-04-19 18:14:42:3212][restartedMain] INFO  o.f.core.internal.command.DbMigrate - Migrating schema `ds_sns` to version "1 - create post comment tables"
[2025-04-19 18:14:42:3229][restartedMain] WARN  o.f.c.i.s.DefaultSqlScriptExecutor - DB: Unknown table 'ds_sns.post' (SQL State: 42S02 - Error Code: 1051)
[2025-04-19 18:14:42:3233][restartedMain] WARN  o.f.c.i.s.DefaultSqlScriptExecutor - DB: Unknown table 'ds_sns.comment' (SQL State: 42S02 - Error Code: 1051)
[2025-04-19 18:14:42:3386][restartedMain] INFO  o.f.core.internal.command.DbMigrate - Successfully applied 1 migration to schema `ds_sns`, now at version v1 (execution time 00:00.081s)
[2025-04-19 18:14:42:3620][restartedMain] INFO  o.h.jpa.internal.util.LogHelper - HHH000204: Processing PersistenceUnitInfo [name: default]
[2025-04-19 18:14:42:3681][restartedMain] INFO  org.hibernate.Version - HHH000412: Hibernate ORM core version 6.5.3.Final
[2025-04-19 18:14:42:3709][restartedMain] INFO  o.h.c.i.RegionFactoryInitiator - HHH000026: Second-level cache disabled
[2025-04-19 18:14:42:3947][restartedMain] INFO  o.s.o.j.p.SpringPersistenceUnitInfo - No LoadTimeWeaver setup: ignoring JPA class transformer
[2025-04-19 18:14:42:3998][restartedMain] WARN  org.hibernate.orm.deprecation - HHH90000025: MySQLDialect does not need to be specified explicitly using 'hibernate.dialect' (remove the property setting and it will be selected by default)
[2025-04-19 18:14:43:4946][restartedMain] INFO  o.h.e.t.j.p.i.JtaPlatformInitiator - HHH000489: No JTA platform available (set 'hibernate.transaction.jta.platform' to enable JTA platform integration)
[2025-04-19 18:14:43:4948][restartedMain] INFO  o.s.o.j.LocalContainerEntityManagerFactoryBean - Initialized JPA EntityManagerFactory for persistence unit 'default'
[2025-04-19 18:14:44:5520][restartedMain] WARN  o.s.b.a.o.j.JpaBaseConfiguration$JpaWebConfiguration - spring.jpa.open-in-view is enabled by default. Therefore, database queries may be performed during view rendering. Explicitly configure spring.jpa.open-in-view to disable this warning
[2025-04-19 18:14:44:5553][restartedMain] INFO  com.dssns.common.config.WebConfig - addInterceptors start
[2025-04-19 18:14:44:5553][restartedMain] INFO  com.dssns.common.config.WebConfig - addInterceptors start
[2025-04-19 18:14:45:6382][restartedMain] INFO  o.s.b.d.a.OptionalLiveReloadServer - LiveReload server is running on port 35729
[2025-04-19 18:14:45:6387][restartedMain] INFO  o.s.b.a.e.web.EndpointLinksResolver - Exposing 4 endpoints beneath base path '/actuator'
[2025-04-19 18:14:45:6419][restartedMain] INFO  o.a.k.c.admin.AdminClientConfig - AdminClientConfig values: 
	auto.include.jmx.reporter = true
	bootstrap.controllers = []
	bootstrap.servers = [localhost:29092]
	client.dns.lookup = use_all_dns_ips
	client.id = board-admin-0
	connections.max.idle.ms = 300000
	default.api.timeout.ms = 60000
	enable.metrics.push = true
	metadata.max.age.ms = 300000
	metadata.recovery.strategy = none
	metric.reporters = []
	metrics.num.samples = 2
	metrics.recording.level = INFO
	metrics.sample.window.ms = 30000
	receive.buffer.bytes = 65536
	reconnect.backoff.max.ms = 1000
	reconnect.backoff.ms = 50
	request.timeout.ms = 30000
	retries = 2147483647
	retry.backoff.max.ms = 1000
	retry.backoff.ms = 100
	sasl.client.callback.handler.class = null
	sasl.jaas.config = null
	sasl.kerberos.kinit.cmd = /usr/bin/kinit
	sasl.kerberos.min.time.before.relogin = 60000
	sasl.kerberos.service.name = null
	sasl.kerberos.ticket.renew.jitter = 0.05
	sasl.kerberos.ticket.renew.window.factor = 0.8
	sasl.login.callback.handler.class = null
	sasl.login.class = null
	sasl.login.connect.timeout.ms = null
	sasl.login.read.timeout.ms = null
	sasl.login.refresh.buffer.seconds = 300
	sasl.login.refresh.min.period.seconds = 60
	sasl.login.refresh.window.factor = 0.8
	sasl.login.refresh.window.jitter = 0.05
	sasl.login.retry.backoff.max.ms = 10000
	sasl.login.retry.backoff.ms = 100
	sasl.mechanism = GSSAPI
	sasl.oauthbearer.clock.skew.seconds = 30
	sasl.oauthbearer.expected.audience = null
	sasl.oauthbearer.expected.issuer = null
	sasl.oauthbearer.header.urlencode = false
	sasl.oauthbearer.jwks.endpoint.refresh.ms = 3600000
	sasl.oauthbearer.jwks.endpoint.retry.backoff.max.ms = 10000
	sasl.oauthbearer.jwks.endpoint.retry.backoff.ms = 100
	sasl.oauthbearer.jwks.endpoint.url = null
	sasl.oauthbearer.scope.claim.name = scope
	sasl.oauthbearer.sub.claim.name = sub
	sasl.oauthbearer.token.endpoint.url = null
	security.protocol = PLAINTEXT
	security.providers = null
	send.buffer.bytes = 131072
	socket.connection.setup.timeout.max.ms = 30000
	socket.connection.setup.timeout.ms = 10000
	ssl.cipher.suites = null
	ssl.enabled.protocols = [TLSv1.2, TLSv1.3]
	ssl.endpoint.identification.algorithm = https
	ssl.engine.factory.class = null
	ssl.key.password = null
	ssl.keymanager.algorithm = SunX509
	ssl.keystore.certificate.chain = null
	ssl.keystore.key = null
	ssl.keystore.location = null
	ssl.keystore.password = null
	ssl.keystore.type = JKS
	ssl.protocol = TLSv1.3
	ssl.provider = null
	ssl.secure.random.implementation = null
	ssl.trustmanager.algorithm = PKIX
	ssl.truststore.certificates = null
	ssl.truststore.location = null
	ssl.truststore.password = null
	ssl.truststore.type = JKS

[2025-04-19 18:14:45:6449][restartedMain] INFO  o.a.k.common.utils.AppInfoParser - Kafka version: 3.9.0
[2025-04-19 18:14:45:6450][restartedMain] INFO  o.a.k.common.utils.AppInfoParser - Kafka commitId: 84caaa6e9da06435
[2025-04-19 18:14:45:6450][restartedMain] INFO  o.a.k.common.utils.AppInfoParser - Kafka startTimeMs: 1745054085312
[2025-04-19 18:14:45:7136][kafka-admin-client-thread | board-admin-0] INFO  o.a.k.common.utils.AppInfoParser - App info kafka.admin.client for board-admin-0 unregistered
[2025-04-19 18:14:46:7139][kafka-admin-client-thread | board-admin-0] INFO  o.a.kafka.common.metrics.Metrics - Metrics scheduler closed
[2025-04-19 18:14:46:7140][kafka-admin-client-thread | board-admin-0] INFO  o.a.kafka.common.metrics.Metrics - Closing reporter org.apache.kafka.common.metrics.JmxReporter
[2025-04-19 18:14:46:7140][kafka-admin-client-thread | board-admin-0] INFO  o.a.kafka.common.metrics.Metrics - Metrics reporters closed
[2025-04-19 18:14:46:7172][restartedMain] INFO  o.a.coyote.http11.Http11NioProtocol - Starting ProtocolHandler ["http-nio-8201"]
[2025-04-19 18:14:46:7188][restartedMain] INFO  o.s.b.w.e.tomcat.TomcatWebServer - Tomcat started on port 8201 (http) with context path '/'
[2025-04-19 18:14:46:7204][restartedMain] INFO  com.dssns.board.BoardApplication - Started BoardApplication in 6.962 seconds (process running for 7.766)
[2025-04-19 18:14:46:7204][restartedMain] INFO  com.dssns.board.BoardApplication - Started BoardApplication in 6.962 seconds (process running for 7.766)
[2025-04-19 18:14:46:7748][RMI TCP Connection(3)-127.0.0.1] DEBUG o.s.jdbc.datasource.DataSourceUtils - Fetching JDBC Connection from DataSource
[2025-04-19 18:14:46:7754][RMI TCP Connection(4)-127.0.0.1] INFO  o.a.c.c.C.[Tomcat].[localhost].[/] - Initializing Spring DispatcherServlet 'dispatcherServlet'
[2025-04-19 18:14:46:7754][RMI TCP Connection(4)-127.0.0.1] INFO  o.s.web.servlet.DispatcherServlet - Initializing Servlet 'dispatcherServlet'
[2025-04-19 18:14:46:7758][RMI TCP Connection(4)-127.0.0.1] INFO  o.s.web.servlet.DispatcherServlet - Completed initialization in 4 ms
[2025-04-19 18:14:46:7793][RMI TCP Connection(3)-127.0.0.1] DEBUG o.s.jdbc.datasource.DataSourceUtils - Fetching JDBC Connection from DataSource
[2025-04-19 18:22:53:494924][http-nio-8201-exec-3] WARN  o.s.w.s.m.m.a.ExceptionHandlerExceptionResolver - Resolved [org.springframework.web.servlet.resource.NoResourceFoundException: No static resource favicon.ico.]
[2025-04-19 18:22:53:494926][http-nio-8201-exec-3] INFO  c.d.c.i.UserActivityInterceptor - afterCompletion start: /favicon.ico
[2025-04-19 18:22:53:494926][http-nio-8201-exec-3] INFO  c.d.c.i.UserActivityInterceptor - afterCompletion start: /favicon.ico
[2025-04-19 18:22:53:494935][http-nio-8201-exec-3] INFO  c.d.c.i.UserActivityInterceptor - afterCompletion end: /favicon.ico
[2025-04-19 18:22:53:494935][http-nio-8201-exec-3] INFO  c.d.c.i.UserActivityInterceptor - afterCompletion end: /favicon.ico
[2025-04-19 18:37:29:1370302][http-nio-8201-exec-1] WARN  o.s.w.s.m.m.a.ExceptionHandlerExceptionResolver - Resolved [org.springframework.web.servlet.resource.NoResourceFoundException: No static resource favicon.ico.]
[2025-04-19 18:37:29:1370305][http-nio-8201-exec-1] INFO  c.d.c.i.UserActivityInterceptor - afterCompletion start: /favicon.ico
[2025-04-19 18:37:29:1370305][http-nio-8201-exec-1] INFO  c.d.c.i.UserActivityInterceptor - afterCompletion start: /favicon.ico
[2025-04-19 18:37:29:1370314][http-nio-8201-exec-1] INFO  c.d.c.i.UserActivityInterceptor - afterCompletion end: /favicon.ico
[2025-04-19 18:37:29:1370314][http-nio-8201-exec-1] INFO  c.d.c.i.UserActivityInterceptor - afterCompletion end: /favicon.ico
[2025-04-19 18:38:17:1418210][http-nio-8201-exec-9] INFO  c.d.c.i.UserActivityInterceptor - afterCompletion start: /swagger-ui/index.css
[2025-04-19 18:38:17:1418210][http-nio-8201-exec-9] INFO  c.d.c.i.UserActivityInterceptor - afterCompletion start: /swagger-ui/index.css
[2025-04-19 18:38:17:1418221][http-nio-8201-exec-9] INFO  c.d.c.i.UserActivityInterceptor - afterCompletion end: /swagger-ui/index.css
[2025-04-19 18:38:17:1418221][http-nio-8201-exec-9] INFO  c.d.c.i.UserActivityInterceptor - afterCompletion end: /swagger-ui/index.css
[2025-04-19 18:38:17:1418246][http-nio-8201-exec-7] INFO  c.d.c.i.UserActivityInterceptor - afterCompletion start: /swagger-ui/swagger-ui-standalone-preset.js
[2025-04-19 18:38:17:1418246][http-nio-8201-exec-7] INFO  c.d.c.i.UserActivityInterceptor - afterCompletion start: /swagger-ui/swagger-ui-standalone-preset.js
[2025-04-19 18:38:17:1418247][http-nio-8201-exec-5] INFO  c.d.c.i.UserActivityInterceptor - afterCompletion start: /swagger-ui/swagger-ui.css
[2025-04-19 18:38:17:1418247][http-nio-8201-exec-5] INFO  c.d.c.i.UserActivityInterceptor - afterCompletion start: /swagger-ui/swagger-ui.css
[2025-04-19 18:38:17:1418247][http-nio-8201-exec-5] INFO  c.d.c.i.UserActivityInterceptor - afterCompletion end: /swagger-ui/swagger-ui.css
[2025-04-19 18:38:17:1418247][http-nio-8201-exec-5] INFO  c.d.c.i.UserActivityInterceptor - afterCompletion end: /swagger-ui/swagger-ui.css
[2025-04-19 18:38:17:1418251][http-nio-8201-exec-7] INFO  c.d.c.i.UserActivityInterceptor - afterCompletion end: /swagger-ui/swagger-ui-standalone-preset.js
[2025-04-19 18:38:17:1418251][http-nio-8201-exec-7] INFO  c.d.c.i.UserActivityInterceptor - afterCompletion end: /swagger-ui/swagger-ui-standalone-preset.js
[2025-04-19 18:38:17:1418260][http-nio-8201-exec-6] INFO  c.d.c.i.UserActivityInterceptor - afterCompletion start: /swagger-ui/swagger-ui-bundle.js
[2025-04-19 18:38:17:1418260][http-nio-8201-exec-6] INFO  c.d.c.i.UserActivityInterceptor - afterCompletion start: /swagger-ui/swagger-ui-bundle.js
[2025-04-19 18:38:17:1418261][http-nio-8201-exec-6] INFO  c.d.c.i.UserActivityInterceptor - afterCompletion end: /swagger-ui/swagger-ui-bundle.js
[2025-04-19 18:38:17:1418261][http-nio-8201-exec-6] INFO  c.d.c.i.UserActivityInterceptor - afterCompletion end: /swagger-ui/swagger-ui-bundle.js
[2025-04-19 18:38:17:1418290][http-nio-8201-exec-8] INFO  c.d.c.i.UserActivityInterceptor - afterCompletion start: /swagger-ui/swagger-initializer.js
[2025-04-19 18:38:17:1418290][http-nio-8201-exec-8] INFO  c.d.c.i.UserActivityInterceptor - afterCompletion start: /swagger-ui/swagger-initializer.js
[2025-04-19 18:38:17:1418291][http-nio-8201-exec-8] INFO  c.d.c.i.UserActivityInterceptor - afterCompletion end: /swagger-ui/swagger-initializer.js
[2025-04-19 18:38:17:1418291][http-nio-8201-exec-8] INFO  c.d.c.i.UserActivityInterceptor - afterCompletion end: /swagger-ui/swagger-initializer.js
[2025-04-19 18:38:17:1418788][http-nio-8201-exec-1] INFO  c.d.c.i.UserActivityInterceptor - afterCompletion start: /swagger-ui/favicon-32x32.png
[2025-04-19 18:38:17:1418788][http-nio-8201-exec-1] INFO  c.d.c.i.UserActivityInterceptor - afterCompletion start: /swagger-ui/favicon-32x32.png
[2025-04-19 18:38:17:1418789][http-nio-8201-exec-1] INFO  c.d.c.i.UserActivityInterceptor - afterCompletion end: /swagger-ui/favicon-32x32.png
[2025-04-19 18:38:17:1418789][http-nio-8201-exec-1] INFO  c.d.c.i.UserActivityInterceptor - afterCompletion end: /swagger-ui/favicon-32x32.png
[2025-04-19 18:38:17:1418798][http-nio-8201-exec-10] INFO  c.d.c.i.UserActivityInterceptor - afterCompletion start: /v3/api-docs/swagger-config
[2025-04-19 18:38:17:1418798][http-nio-8201-exec-10] INFO  c.d.c.i.UserActivityInterceptor - afterCompletion start: /v3/api-docs/swagger-config
[2025-04-19 18:38:17:1418799][http-nio-8201-exec-10] INFO  c.d.c.i.UserActivityInterceptor - afterCompletion end: /v3/api-docs/swagger-config
[2025-04-19 18:38:17:1418799][http-nio-8201-exec-10] INFO  c.d.c.i.UserActivityInterceptor - afterCompletion end: /v3/api-docs/swagger-config
[2025-04-19 18:38:18:1419290][http-nio-8201-exec-7] INFO  o.s.api.AbstractOpenApiResource - Init duration for springdoc-openapi is: 322 ms
[2025-04-19 18:38:18:1419303][http-nio-8201-exec-7] INFO  c.d.c.i.UserActivityInterceptor - afterCompletion start: /v3/api-docs
[2025-04-19 18:38:18:1419303][http-nio-8201-exec-7] INFO  c.d.c.i.UserActivityInterceptor - afterCompletion start: /v3/api-docs
[2025-04-19 18:38:18:1419304][http-nio-8201-exec-7] INFO  c.d.c.i.UserActivityInterceptor - afterCompletion end: /v3/api-docs
[2025-04-19 18:38:18:1419304][http-nio-8201-exec-7] INFO  c.d.c.i.UserActivityInterceptor - afterCompletion end: /v3/api-docs
[2025-04-19 18:38:23:1424818][http-nio-8201-exec-8] INFO  c.d.board.controller.PostController - >>> PostController.addPost
[2025-04-19 18:38:23:1424818][http-nio-8201-exec-8] INFO  c.d.board.controller.PostController - >>> PostController.addPost
[2025-04-19 18:38:23:1424957][http-nio-8201-exec-8] DEBUG org.hibernate.SQL - 
    /* insert for
        com.dssns.board.entity.Post */insert 
    into
        post (content, created_by, type, title) 
    values
        (?, ?, ?, ?)
[2025-04-19 18:38:23:1425063][http-nio-8201-exec-8] INFO  c.d.c.i.UserActivityInterceptor - afterCompletion start: /posts
[2025-04-19 18:38:23:1425063][http-nio-8201-exec-8] INFO  c.d.c.i.UserActivityInterceptor - afterCompletion start: /posts
[2025-04-19 18:38:23:1425065][http-nio-8201-exec-8] INFO  c.d.c.i.UserActivityInterceptor - afterCompletion end: /posts
[2025-04-19 18:38:23:1425065][http-nio-8201-exec-8] INFO  c.d.c.i.UserActivityInterceptor - afterCompletion end: /posts
[2025-04-19 18:46:17:1898472][http-nio-8201-exec-8] INFO  c.d.board.controller.PostController - >>> PostController.addPost
[2025-04-19 18:46:17:1898472][http-nio-8201-exec-8] INFO  c.d.board.controller.PostController - >>> PostController.addPost
[2025-04-19 18:46:17:1898481][http-nio-8201-exec-8] DEBUG org.hibernate.SQL - 
    /* insert for
        com.dssns.board.entity.Post */insert 
    into
        post (content, created_by, type, title) 
    values
        (?, ?, ?, ?)
[2025-04-19 18:46:17:1898501][http-nio-8201-exec-8] INFO  c.d.c.i.UserActivityInterceptor - afterCompletion start: /posts
[2025-04-19 18:46:17:1898501][http-nio-8201-exec-8] INFO  c.d.c.i.UserActivityInterceptor - afterCompletion start: /posts
[2025-04-19 18:46:17:1898502][http-nio-8201-exec-8] INFO  c.d.c.i.UserActivityInterceptor - afterCompletion end: /posts
[2025-04-19 18:46:17:1898502][http-nio-8201-exec-8] INFO  c.d.c.i.UserActivityInterceptor - afterCompletion end: /posts
[2025-04-19 18:46:28:1909483][http-nio-8201-exec-10] INFO  c.d.board.controller.PostController - >>> PostController.addPost
[2025-04-19 18:46:28:1909483][http-nio-8201-exec-10] INFO  c.d.board.controller.PostController - >>> PostController.addPost
[2025-04-19 18:46:28:1909491][http-nio-8201-exec-10] DEBUG org.hibernate.SQL - 
    /* insert for
        com.dssns.board.entity.Post */insert 
    into
        post (content, created_by, type, title) 
    values
        (?, ?, ?, ?)
[2025-04-19 18:46:28:1909503][http-nio-8201-exec-10] INFO  c.d.c.i.UserActivityInterceptor - afterCompletion start: /posts
[2025-04-19 18:46:28:1909503][http-nio-8201-exec-10] INFO  c.d.c.i.UserActivityInterceptor - afterCompletion start: /posts
[2025-04-19 18:46:28:1909504][http-nio-8201-exec-10] INFO  c.d.c.i.UserActivityInterceptor - afterCompletion end: /posts
[2025-04-19 18:46:28:1909504][http-nio-8201-exec-10] INFO  c.d.c.i.UserActivityInterceptor - afterCompletion end: /posts
[2025-04-19 18:46:28:1909604][http-nio-8201-exec-4] INFO  c.d.board.controller.PostController - >>> PostController.addPost
[2025-04-19 18:46:28:1909604][http-nio-8201-exec-4] INFO  c.d.board.controller.PostController - >>> PostController.addPost
[2025-04-19 18:46:28:1909606][http-nio-8201-exec-4] DEBUG org.hibernate.SQL - 
    /* insert for
        com.dssns.board.entity.Post */insert 
    into
        post (content, created_by, type, title) 
    values
        (?, ?, ?, ?)
[2025-04-19 18:46:28:1909620][http-nio-8201-exec-4] INFO  c.d.c.i.UserActivityInterceptor - afterCompletion start: /posts
[2025-04-19 18:46:28:1909620][http-nio-8201-exec-4] INFO  c.d.c.i.UserActivityInterceptor - afterCompletion start: /posts
[2025-04-19 18:46:28:1909620][http-nio-8201-exec-4] INFO  c.d.c.i.UserActivityInterceptor - afterCompletion end: /posts
[2025-04-19 18:46:28:1909620][http-nio-8201-exec-4] INFO  c.d.c.i.UserActivityInterceptor - afterCompletion end: /posts
[2025-04-19 18:46:28:1909772][http-nio-8201-exec-2] INFO  c.d.board.controller.PostController - >>> PostController.addPost
[2025-04-19 18:46:28:1909772][http-nio-8201-exec-2] INFO  c.d.board.controller.PostController - >>> PostController.addPost
[2025-04-19 18:46:28:1909782][http-nio-8201-exec-2] DEBUG org.hibernate.SQL - 
    /* insert for
        com.dssns.board.entity.Post */insert 
    into
        post (content, created_by, type, title) 
    values
        (?, ?, ?, ?)
[2025-04-19 18:46:28:1909794][http-nio-8201-exec-2] INFO  c.d.c.i.UserActivityInterceptor - afterCompletion start: /posts
[2025-04-19 18:46:28:1909794][http-nio-8201-exec-2] INFO  c.d.c.i.UserActivityInterceptor - afterCompletion start: /posts
[2025-04-19 18:46:28:1909794][http-nio-8201-exec-2] INFO  c.d.c.i.UserActivityInterceptor - afterCompletion end: /posts
[2025-04-19 18:46:28:1909794][http-nio-8201-exec-2] INFO  c.d.c.i.UserActivityInterceptor - afterCompletion end: /posts
[2025-04-19 18:46:28:1909937][http-nio-8201-exec-9] INFO  c.d.board.controller.PostController - >>> PostController.addPost
[2025-04-19 18:46:28:1909937][http-nio-8201-exec-9] INFO  c.d.board.controller.PostController - >>> PostController.addPost
[2025-04-19 18:46:28:1909940][http-nio-8201-exec-9] DEBUG org.hibernate.SQL - 
    /* insert for
        com.dssns.board.entity.Post */insert 
    into
        post (content, created_by, type, title) 
    values
        (?, ?, ?, ?)
[2025-04-19 18:46:28:1909945][http-nio-8201-exec-9] INFO  c.d.c.i.UserActivityInterceptor - afterCompletion start: /posts
[2025-04-19 18:46:28:1909945][http-nio-8201-exec-9] INFO  c.d.c.i.UserActivityInterceptor - afterCompletion start: /posts
[2025-04-19 18:46:28:1909947][http-nio-8201-exec-9] INFO  c.d.c.i.UserActivityInterceptor - afterCompletion end: /posts
[2025-04-19 18:46:28:1909947][http-nio-8201-exec-9] INFO  c.d.c.i.UserActivityInterceptor - afterCompletion end: /posts
[2025-04-19 18:46:28:1910086][http-nio-8201-exec-5] INFO  c.d.board.controller.PostController - >>> PostController.addPost
[2025-04-19 18:46:28:1910086][http-nio-8201-exec-5] INFO  c.d.board.controller.PostController - >>> PostController.addPost
[2025-04-19 18:46:28:1910097][http-nio-8201-exec-5] DEBUG org.hibernate.SQL - 
    /* insert for
        com.dssns.board.entity.Post */insert 
    into
        post (content, created_by, type, title) 
    values
        (?, ?, ?, ?)
[2025-04-19 18:46:28:1910105][http-nio-8201-exec-5] INFO  c.d.c.i.UserActivityInterceptor - afterCompletion start: /posts
[2025-04-19 18:46:28:1910105][http-nio-8201-exec-5] INFO  c.d.c.i.UserActivityInterceptor - afterCompletion start: /posts
[2025-04-19 18:46:28:1910106][http-nio-8201-exec-5] INFO  c.d.c.i.UserActivityInterceptor - afterCompletion end: /posts
[2025-04-19 18:46:28:1910106][http-nio-8201-exec-5] INFO  c.d.c.i.UserActivityInterceptor - afterCompletion end: /posts
[2025-04-19 18:46:29:1910237][http-nio-8201-exec-3] INFO  c.d.board.controller.PostController - >>> PostController.addPost
[2025-04-19 18:46:29:1910237][http-nio-8201-exec-3] INFO  c.d.board.controller.PostController - >>> PostController.addPost
[2025-04-19 18:46:29:1910247][http-nio-8201-exec-3] DEBUG org.hibernate.SQL - 
    /* insert for
        com.dssns.board.entity.Post */insert 
    into
        post (content, created_by, type, title) 
    values
        (?, ?, ?, ?)
[2025-04-19 18:46:29:1910266][http-nio-8201-exec-3] INFO  c.d.c.i.UserActivityInterceptor - afterCompletion start: /posts
[2025-04-19 18:46:29:1910266][http-nio-8201-exec-3] INFO  c.d.c.i.UserActivityInterceptor - afterCompletion start: /posts
[2025-04-19 18:46:29:1910267][http-nio-8201-exec-3] INFO  c.d.c.i.UserActivityInterceptor - afterCompletion end: /posts
[2025-04-19 18:46:29:1910267][http-nio-8201-exec-3] INFO  c.d.c.i.UserActivityInterceptor - afterCompletion end: /posts
[2025-04-19 18:56:26:2507975][http-nio-8201-exec-10] WARN  o.s.w.s.m.m.a.ExceptionHandlerExceptionResolver - Resolved [org.springframework.web.servlet.resource.NoResourceFoundException: No static resource favicon.ico.]
[2025-04-19 18:56:26:2507977][http-nio-8201-exec-10] INFO  c.d.c.i.UserActivityInterceptor - afterCompletion start: /favicon.ico
[2025-04-19 18:56:26:2507977][http-nio-8201-exec-10] INFO  c.d.c.i.UserActivityInterceptor - afterCompletion start: /favicon.ico
[2025-04-19 18:56:26:2507983][http-nio-8201-exec-10] INFO  c.d.c.i.UserActivityInterceptor - afterCompletion end: /favicon.ico
[2025-04-19 18:56:26:2507983][http-nio-8201-exec-10] INFO  c.d.c.i.UserActivityInterceptor - afterCompletion end: /favicon.ico
[2025-04-19 19:05:25:3046888][SpringApplicationShutdownHook] INFO  o.s.o.j.LocalContainerEntityManagerFactoryBean - Closing JPA EntityManagerFactory for persistence unit 'default'
[2025-04-19 19:05:25:3046919][SpringApplicationShutdownHook] INFO  com.zaxxer.hikari.HikariDataSource - HikariPool-1 - Shutdown initiated...
[2025-04-19 19:05:25:3046984][SpringApplicationShutdownHook] INFO  com.zaxxer.hikari.HikariDataSource - HikariPool-1 - Shutdown completed.
[2025-04-19 19:05:29:522][background-preinit] INFO  o.h.validator.internal.util.Version - HV000001: Hibernate Validator 8.0.2.Final
[2025-04-19 19:05:29:552][restartedMain] INFO  com.dssns.board.BoardApplication - Starting BoardApplication using Java 17.0.13 with PID 32275 (/Users/dongseoklee/github/Classification/my_projects/dsSnsPlatform2/board/build/classes/java/main started by dongseoklee in /Users/dongseoklee/github/Classification/my_projects/dsSnsPlatform2)
[2025-04-19 19:05:29:552][restartedMain] INFO  com.dssns.board.BoardApplication - Starting BoardApplication using Java 17.0.13 with PID 32275 (/Users/dongseoklee/github/Classification/my_projects/dsSnsPlatform2/board/build/classes/java/main started by dongseoklee in /Users/dongseoklee/github/Classification/my_projects/dsSnsPlatform2)
[2025-04-19 19:05:29:552][restartedMain] DEBUG com.dssns.board.BoardApplication - Running with Spring Boot v3.3.7, Spring v6.1.16
[2025-04-19 19:05:29:552][restartedMain] DEBUG com.dssns.board.BoardApplication - Running with Spring Boot v3.3.7, Spring v6.1.16
[2025-04-19 19:05:29:553][restartedMain] INFO  com.dssns.board.BoardApplication - No active profile set, falling back to 1 default profile: "default"
[2025-04-19 19:05:29:553][restartedMain] INFO  com.dssns.board.BoardApplication - No active profile set, falling back to 1 default profile: "default"
[2025-04-19 19:05:29:574][restartedMain] INFO  o.s.b.d.e.DevToolsPropertyDefaultsPostProcessor - Devtools property defaults active! Set 'spring.devtools.add-properties' to 'false' to disable
[2025-04-19 19:05:29:574][restartedMain] INFO  o.s.b.d.e.DevToolsPropertyDefaultsPostProcessor - For additional web related logging consider setting the 'logging.level.web' property to 'DEBUG'
[2025-04-19 19:05:30:1429][restartedMain] INFO  o.s.d.r.c.RepositoryConfigurationDelegate - Bootstrapping Spring Data JPA repositories in DEFAULT mode.
[2025-04-19 19:05:30:1465][restartedMain] INFO  o.s.d.r.c.RepositoryConfigurationDelegate - Finished Spring Data repository scanning in 32 ms. Found 2 JPA repository interfaces.
[2025-04-19 19:05:30:1910][restartedMain] INFO  o.s.b.w.e.tomcat.TomcatWebServer - Tomcat initialized with port 8201 (http)
[2025-04-19 19:05:30:1918][restartedMain] INFO  o.a.coyote.http11.Http11NioProtocol - Initializing ProtocolHandler ["http-nio-8201"]
[2025-04-19 19:05:30:1919][restartedMain] INFO  o.a.catalina.core.StandardService - Starting service [Tomcat]
[2025-04-19 19:05:30:1919][restartedMain] INFO  o.a.catalina.core.StandardEngine - Starting Servlet engine: [Apache Tomcat/10.1.34]
[2025-04-19 19:05:30:1947][restartedMain] INFO  o.a.c.c.C.[Tomcat].[localhost].[/] - Initializing Spring embedded WebApplicationContext
[2025-04-19 19:05:30:1947][restartedMain] INFO  o.s.b.w.s.c.ServletWebServerApplicationContext - Root WebApplicationContext: initialization completed in 1373 ms
[2025-04-19 19:05:30:2067][restartedMain] DEBUG c.dssns.common.config.WebConfig$1 - Filter 'requestTimingFilter' configured for use
[2025-04-19 19:05:30:2067][restartedMain] DEBUG c.dssns.common.config.WebConfig$1 - Filter 'requestTimingFilter' configured for use
[2025-04-19 19:05:30:2213][restartedMain] INFO  com.zaxxer.hikari.HikariDataSource - HikariPool-1 - Starting...
[2025-04-19 19:05:31:2449][restartedMain] INFO  com.zaxxer.hikari.pool.HikariPool - HikariPool-1 - Added connection com.mysql.cj.jdbc.ConnectionImpl@4e2d41b3
[2025-04-19 19:05:31:2451][restartedMain] INFO  com.zaxxer.hikari.HikariDataSource - HikariPool-1 - Start completed.
[2025-04-19 19:05:31:2507][restartedMain] INFO  org.flywaydb.core.FlywayExecutor - Database: jdbc:mysql://localhost:3307/ds_sns (MySQL 8.0)
[2025-04-19 19:05:31:2577][restartedMain] INFO  o.f.c.internal.command.DbValidate - Successfully validated 1 migration (execution time 00:00.032s)
[2025-04-19 19:05:31:2590][restartedMain] INFO  o.f.core.internal.command.DbMigrate - Current version of schema `ds_sns`: 1
[2025-04-19 19:05:31:2592][restartedMain] INFO  o.f.core.internal.command.DbMigrate - Schema `ds_sns` is up to date. No migration necessary.
[2025-04-19 19:05:31:2672][restartedMain] INFO  o.h.jpa.internal.util.LogHelper - HHH000204: Processing PersistenceUnitInfo [name: default]
[2025-04-19 19:05:31:2748][restartedMain] INFO  org.hibernate.Version - HHH000412: Hibernate ORM core version 6.5.3.Final
[2025-04-19 19:05:31:2793][restartedMain] INFO  o.h.c.i.RegionFactoryInitiator - HHH000026: Second-level cache disabled
[2025-04-19 19:05:31:3197][restartedMain] INFO  o.s.o.j.p.SpringPersistenceUnitInfo - No LoadTimeWeaver setup: ignoring JPA class transformer
[2025-04-19 19:05:31:3240][restartedMain] WARN  org.hibernate.orm.deprecation - HHH90000025: MySQLDialect does not need to be specified explicitly using 'hibernate.dialect' (remove the property setting and it will be selected by default)
[2025-04-19 19:05:32:4058][restartedMain] INFO  o.h.e.t.j.p.i.JtaPlatformInitiator - HHH000489: No JTA platform available (set 'hibernate.transaction.jta.platform' to enable JTA platform integration)
[2025-04-19 19:05:32:4060][restartedMain] INFO  o.s.o.j.LocalContainerEntityManagerFactoryBean - Initialized JPA EntityManagerFactory for persistence unit 'default'
[2025-04-19 19:05:34:5625][restartedMain] WARN  o.s.b.a.o.j.JpaBaseConfiguration$JpaWebConfiguration - spring.jpa.open-in-view is enabled by default. Therefore, database queries may be performed during view rendering. Explicitly configure spring.jpa.open-in-view to disable this warning
[2025-04-19 19:05:34:5690][restartedMain] INFO  com.dssns.common.config.WebConfig - addInterceptors start
[2025-04-19 19:05:34:5690][restartedMain] INFO  com.dssns.common.config.WebConfig - addInterceptors start
[2025-04-19 19:05:40:11825][restartedMain] INFO  o.s.b.d.a.OptionalLiveReloadServer - LiveReload server is running on port 35729
[2025-04-19 19:05:40:11853][restartedMain] INFO  o.s.b.a.e.web.EndpointLinksResolver - Exposing 4 endpoints beneath base path '/actuator'
[2025-04-19 19:05:40:11992][restartedMain] INFO  o.a.k.c.admin.AdminClientConfig - AdminClientConfig values: 
	auto.include.jmx.reporter = true
	bootstrap.controllers = []
	bootstrap.servers = [localhost:29092]
	client.dns.lookup = use_all_dns_ips
	client.id = board-admin-0
	connections.max.idle.ms = 300000
	default.api.timeout.ms = 60000
	enable.metrics.push = true
	metadata.max.age.ms = 300000
	metadata.recovery.strategy = none
	metric.reporters = []
	metrics.num.samples = 2
	metrics.recording.level = INFO
	metrics.sample.window.ms = 30000
	receive.buffer.bytes = 65536
	reconnect.backoff.max.ms = 1000
	reconnect.backoff.ms = 50
	request.timeout.ms = 30000
	retries = 2147483647
	retry.backoff.max.ms = 1000
	retry.backoff.ms = 100
	sasl.client.callback.handler.class = null
	sasl.jaas.config = null
	sasl.kerberos.kinit.cmd = /usr/bin/kinit
	sasl.kerberos.min.time.before.relogin = 60000
	sasl.kerberos.service.name = null
	sasl.kerberos.ticket.renew.jitter = 0.05
	sasl.kerberos.ticket.renew.window.factor = 0.8
	sasl.login.callback.handler.class = null
	sasl.login.class = null
	sasl.login.connect.timeout.ms = null
	sasl.login.read.timeout.ms = null
	sasl.login.refresh.buffer.seconds = 300
	sasl.login.refresh.min.period.seconds = 60
	sasl.login.refresh.window.factor = 0.8
	sasl.login.refresh.window.jitter = 0.05
	sasl.login.retry.backoff.max.ms = 10000
	sasl.login.retry.backoff.ms = 100
	sasl.mechanism = GSSAPI
	sasl.oauthbearer.clock.skew.seconds = 30
	sasl.oauthbearer.expected.audience = null
	sasl.oauthbearer.expected.issuer = null
	sasl.oauthbearer.header.urlencode = false
	sasl.oauthbearer.jwks.endpoint.refresh.ms = 3600000
	sasl.oauthbearer.jwks.endpoint.retry.backoff.max.ms = 10000
	sasl.oauthbearer.jwks.endpoint.retry.backoff.ms = 100
	sasl.oauthbearer.jwks.endpoint.url = null
	sasl.oauthbearer.scope.claim.name = scope
	sasl.oauthbearer.sub.claim.name = sub
	sasl.oauthbearer.token.endpoint.url = null
	security.protocol = PLAINTEXT
	security.providers = null
	send.buffer.bytes = 131072
	socket.connection.setup.timeout.max.ms = 30000
	socket.connection.setup.timeout.ms = 10000
	ssl.cipher.suites = null
	ssl.enabled.protocols = [TLSv1.2, TLSv1.3]
	ssl.endpoint.identification.algorithm = https
	ssl.engine.factory.class = null
	ssl.key.password = null
	ssl.keymanager.algorithm = SunX509
	ssl.keystore.certificate.chain = null
	ssl.keystore.key = null
	ssl.keystore.location = null
	ssl.keystore.password = null
	ssl.keystore.type = JKS
	ssl.protocol = TLSv1.3
	ssl.provider = null
	ssl.secure.random.implementation = null
	ssl.trustmanager.algorithm = PKIX
	ssl.truststore.certificates = null
	ssl.truststore.location = null
	ssl.truststore.password = null
	ssl.truststore.type = JKS

[2025-04-19 19:05:40:12154][restartedMain] INFO  o.a.k.common.utils.AppInfoParser - Kafka version: 3.9.0
[2025-04-19 19:05:40:12154][restartedMain] INFO  o.a.k.common.utils.AppInfoParser - Kafka commitId: 84caaa6e9da06435
[2025-04-19 19:05:40:12154][restartedMain] INFO  o.a.k.common.utils.AppInfoParser - Kafka startTimeMs: 1745057140863
[2025-04-19 19:05:41:13248][kafka-admin-client-thread | board-admin-0] INFO  o.a.k.common.utils.AppInfoParser - App info kafka.admin.client for board-admin-0 unregistered
[2025-04-19 19:05:41:13256][kafka-admin-client-thread | board-admin-0] INFO  o.a.kafka.common.metrics.Metrics - Metrics scheduler closed
[2025-04-19 19:05:41:13257][kafka-admin-client-thread | board-admin-0] INFO  o.a.kafka.common.metrics.Metrics - Closing reporter org.apache.kafka.common.metrics.JmxReporter
[2025-04-19 19:05:41:13257][kafka-admin-client-thread | board-admin-0] INFO  o.a.kafka.common.metrics.Metrics - Metrics reporters closed
[2025-04-19 19:05:42:13358][restartedMain] INFO  o.a.coyote.http11.Http11NioProtocol - Starting ProtocolHandler ["http-nio-8201"]
[2025-04-19 19:05:42:13373][restartedMain] INFO  o.s.b.w.e.tomcat.TomcatWebServer - Tomcat started on port 8201 (http) with context path '/'
[2025-04-19 19:05:42:13396][restartedMain] INFO  com.dssns.board.BoardApplication - Started BoardApplication in 13.267 seconds (process running for 13.84)
[2025-04-19 19:05:42:13396][restartedMain] INFO  com.dssns.board.BoardApplication - Started BoardApplication in 13.267 seconds (process running for 13.84)
[2025-04-19 19:05:42:14111][RMI TCP Connection(1)-127.0.0.1] DEBUG o.s.jdbc.datasource.DataSourceUtils - Fetching JDBC Connection from DataSource
[2025-04-19 19:05:42:14128][RMI TCP Connection(4)-127.0.0.1] INFO  o.a.c.c.C.[Tomcat].[localhost].[/] - Initializing Spring DispatcherServlet 'dispatcherServlet'
[2025-04-19 19:05:42:14134][RMI TCP Connection(4)-127.0.0.1] INFO  o.s.web.servlet.DispatcherServlet - Initializing Servlet 'dispatcherServlet'
[2025-04-19 19:05:42:14161][RMI TCP Connection(4)-127.0.0.1] INFO  o.s.web.servlet.DispatcherServlet - Completed initialization in 15 ms
[2025-04-19 19:05:42:14241][RMI TCP Connection(1)-127.0.0.1] DEBUG o.s.jdbc.datasource.DataSourceUtils - Fetching JDBC Connection from DataSource
[2025-04-19 19:05:44:15770][http-nio-8201-exec-2] WARN  o.s.w.s.m.m.a.ExceptionHandlerExceptionResolver - Resolved [org.springframework.web.servlet.resource.NoResourceFoundException: No static resource favicon.ico.]
[2025-04-19 19:05:44:15770][http-nio-8201-exec-2] INFO  c.d.c.i.UserActivityInterceptor - afterCompletion start: /favicon.ico
[2025-04-19 19:05:44:15770][http-nio-8201-exec-2] INFO  c.d.c.i.UserActivityInterceptor - afterCompletion start: /favicon.ico
[2025-04-19 19:05:44:15789][http-nio-8201-exec-2] INFO  c.d.c.i.UserActivityInterceptor - afterCompletion end: /favicon.ico
[2025-04-19 19:05:44:15789][http-nio-8201-exec-2] INFO  c.d.c.i.UserActivityInterceptor - afterCompletion end: /favicon.ico
[2025-04-19 19:06:00:31864][http-nio-8201-exec-4] INFO  c.d.board.controller.PostController - >>> PostController.addPost
[2025-04-19 19:06:00:31864][http-nio-8201-exec-4] INFO  c.d.board.controller.PostController - >>> PostController.addPost
[2025-04-19 19:06:00:31918][http-nio-8201-exec-4] DEBUG org.hibernate.SQL - 
    /* insert for
        com.dssns.board.entity.Post */insert 
    into
        post (content, created_by, type, title) 
    values
        (?, ?, ?, ?)
[2025-04-19 19:06:00:31983][http-nio-8201-exec-4] INFO  c.d.c.i.UserActivityInterceptor - afterCompletion start: /posts
[2025-04-19 19:06:00:31983][http-nio-8201-exec-4] INFO  c.d.c.i.UserActivityInterceptor - afterCompletion start: /posts
[2025-04-19 19:06:00:31984][http-nio-8201-exec-4] INFO  c.d.c.i.UserActivityInterceptor - afterCompletion end: /posts
[2025-04-19 19:06:00:31984][http-nio-8201-exec-4] INFO  c.d.c.i.UserActivityInterceptor - afterCompletion end: /posts
[2025-04-19 19:06:01:32417][http-nio-8201-exec-5] INFO  c.d.board.controller.PostController - >>> PostController.addPost
[2025-04-19 19:06:01:32417][http-nio-8201-exec-5] INFO  c.d.board.controller.PostController - >>> PostController.addPost
[2025-04-19 19:06:01:32421][http-nio-8201-exec-5] DEBUG org.hibernate.SQL - 
    /* insert for
        com.dssns.board.entity.Post */insert 
    into
        post (content, created_by, type, title) 
    values
        (?, ?, ?, ?)
[2025-04-19 19:06:01:32427][http-nio-8201-exec-5] INFO  c.d.c.i.UserActivityInterceptor - afterCompletion start: /posts
[2025-04-19 19:06:01:32427][http-nio-8201-exec-5] INFO  c.d.c.i.UserActivityInterceptor - afterCompletion start: /posts
[2025-04-19 19:06:01:32428][http-nio-8201-exec-5] INFO  c.d.c.i.UserActivityInterceptor - afterCompletion end: /posts
[2025-04-19 19:06:01:32428][http-nio-8201-exec-5] INFO  c.d.c.i.UserActivityInterceptor - afterCompletion end: /posts
[2025-04-19 19:06:16:47684][http-nio-8201-exec-8] INFO  c.d.board.controller.PostController - >>> PostController.addPost
[2025-04-19 19:06:16:47684][http-nio-8201-exec-8] INFO  c.d.board.controller.PostController - >>> PostController.addPost
[2025-04-19 19:06:16:47712][http-nio-8201-exec-8] DEBUG org.hibernate.SQL - 
    /* insert for
        com.dssns.board.entity.Post */insert 
    into
        post (content, created_by, type, title) 
    values
        (?, ?, ?, ?)
[2025-04-19 19:06:16:47734][http-nio-8201-exec-8] INFO  c.d.c.i.UserActivityInterceptor - afterCompletion start: /posts
[2025-04-19 19:06:16:47734][http-nio-8201-exec-8] INFO  c.d.c.i.UserActivityInterceptor - afterCompletion start: /posts
[2025-04-19 19:06:16:47736][http-nio-8201-exec-8] INFO  c.d.c.i.UserActivityInterceptor - afterCompletion end: /posts
[2025-04-19 19:06:16:47736][http-nio-8201-exec-8] INFO  c.d.c.i.UserActivityInterceptor - afterCompletion end: /posts
[2025-04-19 19:06:16:47786][http-nio-8201-exec-9] INFO  c.d.board.controller.PostController - >>> PostController.addPost
[2025-04-19 19:06:16:47786][http-nio-8201-exec-9] INFO  c.d.board.controller.PostController - >>> PostController.addPost
[2025-04-19 19:06:16:47791][http-nio-8201-exec-9] DEBUG org.hibernate.SQL - 
    /* insert for
        com.dssns.board.entity.Post */insert 
    into
        post (content, created_by, type, title) 
    values
        (?, ?, ?, ?)
[2025-04-19 19:06:16:47826][http-nio-8201-exec-9] INFO  c.d.c.i.UserActivityInterceptor - afterCompletion start: /posts
[2025-04-19 19:06:16:47826][http-nio-8201-exec-9] INFO  c.d.c.i.UserActivityInterceptor - afterCompletion start: /posts
[2025-04-19 19:06:16:47826][http-nio-8201-exec-9] INFO  c.d.c.i.UserActivityInterceptor - afterCompletion end: /posts
[2025-04-19 19:06:16:47826][http-nio-8201-exec-9] INFO  c.d.c.i.UserActivityInterceptor - afterCompletion end: /posts
[2025-04-19 19:06:16:47930][http-nio-8201-exec-10] INFO  c.d.board.controller.PostController - >>> PostController.addPost
[2025-04-19 19:06:16:47930][http-nio-8201-exec-10] INFO  c.d.board.controller.PostController - >>> PostController.addPost
[2025-04-19 19:06:16:47946][http-nio-8201-exec-10] DEBUG org.hibernate.SQL - 
    /* insert for
        com.dssns.board.entity.Post */insert 
    into
        post (content, created_by, type, title) 
    values
        (?, ?, ?, ?)
[2025-04-19 19:06:16:48016][http-nio-8201-exec-10] INFO  c.d.c.i.UserActivityInterceptor - afterCompletion start: /posts
[2025-04-19 19:06:16:48016][http-nio-8201-exec-10] INFO  c.d.c.i.UserActivityInterceptor - afterCompletion start: /posts
[2025-04-19 19:06:16:48017][http-nio-8201-exec-10] INFO  c.d.c.i.UserActivityInterceptor - afterCompletion end: /posts
[2025-04-19 19:06:16:48017][http-nio-8201-exec-10] INFO  c.d.c.i.UserActivityInterceptor - afterCompletion end: /posts
[2025-04-19 19:06:16:48081][http-nio-8201-exec-1] INFO  c.d.board.controller.PostController - >>> PostController.addPost
[2025-04-19 19:06:16:48081][http-nio-8201-exec-1] INFO  c.d.board.controller.PostController - >>> PostController.addPost
[2025-04-19 19:06:16:48106][http-nio-8201-exec-1] DEBUG org.hibernate.SQL - 
    /* insert for
        com.dssns.board.entity.Post */insert 
    into
        post (content, created_by, type, title) 
    values
        (?, ?, ?, ?)
[2025-04-19 19:06:16:48137][http-nio-8201-exec-1] INFO  c.d.c.i.UserActivityInterceptor - afterCompletion start: /posts
[2025-04-19 19:06:16:48137][http-nio-8201-exec-1] INFO  c.d.c.i.UserActivityInterceptor - afterCompletion start: /posts
[2025-04-19 19:06:16:48137][http-nio-8201-exec-1] INFO  c.d.c.i.UserActivityInterceptor - afterCompletion end: /posts
[2025-04-19 19:06:16:48137][http-nio-8201-exec-1] INFO  c.d.c.i.UserActivityInterceptor - afterCompletion end: /posts
[2025-04-19 19:06:16:48227][http-nio-8201-exec-2] INFO  c.d.board.controller.PostController - >>> PostController.addPost
[2025-04-19 19:06:16:48227][http-nio-8201-exec-2] INFO  c.d.board.controller.PostController - >>> PostController.addPost
[2025-04-19 19:06:16:48233][http-nio-8201-exec-2] DEBUG org.hibernate.SQL - 
    /* insert for
        com.dssns.board.entity.Post */insert 
    into
        post (content, created_by, type, title) 
    values
        (?, ?, ?, ?)
[2025-04-19 19:06:16:48253][http-nio-8201-exec-2] INFO  c.d.c.i.UserActivityInterceptor - afterCompletion start: /posts
[2025-04-19 19:06:16:48253][http-nio-8201-exec-2] INFO  c.d.c.i.UserActivityInterceptor - afterCompletion start: /posts
[2025-04-19 19:06:16:48253][http-nio-8201-exec-2] INFO  c.d.c.i.UserActivityInterceptor - afterCompletion end: /posts
[2025-04-19 19:06:16:48253][http-nio-8201-exec-2] INFO  c.d.c.i.UserActivityInterceptor - afterCompletion end: /posts
[2025-04-19 19:06:25:56606][http-nio-8201-exec-4] INFO  c.d.board.controller.PostController - >>> PostController.addComment
[2025-04-19 19:06:25:56606][http-nio-8201-exec-4] INFO  c.d.board.controller.PostController - >>> PostController.addComment
[2025-04-19 19:06:25:56699][http-nio-8201-exec-4] DEBUG org.hibernate.SQL - 
    /* <criteria> */ select
        p1_0.post_no,
        p1_0.content,
        p1_0.created_by,
        p1_0.created_date,
        p1_0.del_yn,
        p1_0.last_modified_by,
        p1_0.last_modified_date,
        p1_0.type,
        p1_0.title 
    from
        post p1_0 
    where
        p1_0.post_no=? 
        and p1_0.del_yn=?
[2025-04-19 19:06:25:56712][http-nio-8201-exec-4] DEBUG org.hibernate.SQL - 
    /* insert for
        com.dssns.board.entity.Comment */insert 
    into
        comment (content, post_no) 
    values
        (?, ?)
[2025-04-19 19:06:25:56729][http-nio-8201-exec-4] INFO  o.a.k.c.producer.ProducerConfig - ProducerConfig values: 
	acks = -1
	auto.include.jmx.reporter = true
	batch.size = 16384
	bootstrap.servers = [localhost:29092]
	buffer.memory = 33554432
	client.dns.lookup = use_all_dns_ips
	client.id = board-producer-1
	compression.gzip.level = -1
	compression.lz4.level = 9
	compression.type = none
	compression.zstd.level = 3
	connections.max.idle.ms = 540000
	delivery.timeout.ms = 120000
	enable.idempotence = true
	enable.metrics.push = true
	interceptor.classes = []
	key.serializer = class org.apache.kafka.common.serialization.StringSerializer
	linger.ms = 0
	max.block.ms = 60000
	max.in.flight.requests.per.connection = 5
	max.request.size = 1048576
	metadata.max.age.ms = 300000
	metadata.max.idle.ms = 300000
	metadata.recovery.strategy = none
	metric.reporters = []
	metrics.num.samples = 2
	metrics.recording.level = INFO
	metrics.sample.window.ms = 30000
	partitioner.adaptive.partitioning.enable = true
	partitioner.availability.timeout.ms = 0
	partitioner.class = null
	partitioner.ignore.keys = false
	receive.buffer.bytes = 32768
	reconnect.backoff.max.ms = 1000
	reconnect.backoff.ms = 50
	request.timeout.ms = 30000
	retries = 2147483647
	retry.backoff.max.ms = 1000
	retry.backoff.ms = 100
	sasl.client.callback.handler.class = null
	sasl.jaas.config = null
	sasl.kerberos.kinit.cmd = /usr/bin/kinit
	sasl.kerberos.min.time.before.relogin = 60000
	sasl.kerberos.service.name = null
	sasl.kerberos.ticket.renew.jitter = 0.05
	sasl.kerberos.ticket.renew.window.factor = 0.8
	sasl.login.callback.handler.class = null
	sasl.login.class = null
	sasl.login.connect.timeout.ms = null
	sasl.login.read.timeout.ms = null
	sasl.login.refresh.buffer.seconds = 300
	sasl.login.refresh.min.period.seconds = 60
	sasl.login.refresh.window.factor = 0.8
	sasl.login.refresh.window.jitter = 0.05
	sasl.login.retry.backoff.max.ms = 10000
	sasl.login.retry.backoff.ms = 100
	sasl.mechanism = GSSAPI
	sasl.oauthbearer.clock.skew.seconds = 30
	sasl.oauthbearer.expected.audience = null
	sasl.oauthbearer.expected.issuer = null
	sasl.oauthbearer.header.urlencode = false
	sasl.oauthbearer.jwks.endpoint.refresh.ms = 3600000
	sasl.oauthbearer.jwks.endpoint.retry.backoff.max.ms = 10000
	sasl.oauthbearer.jwks.endpoint.retry.backoff.ms = 100
	sasl.oauthbearer.jwks.endpoint.url = null
	sasl.oauthbearer.scope.claim.name = scope
	sasl.oauthbearer.sub.claim.name = sub
	sasl.oauthbearer.token.endpoint.url = null
	security.protocol = PLAINTEXT
	security.providers = null
	send.buffer.bytes = 131072
	socket.connection.setup.timeout.max.ms = 30000
	socket.connection.setup.timeout.ms = 10000
	ssl.cipher.suites = null
	ssl.enabled.protocols = [TLSv1.2, TLSv1.3]
	ssl.endpoint.identification.algorithm = https
	ssl.engine.factory.class = null
	ssl.key.password = null
	ssl.keymanager.algorithm = SunX509
	ssl.keystore.certificate.chain = null
	ssl.keystore.key = null
	ssl.keystore.location = null
	ssl.keystore.password = null
	ssl.keystore.type = JKS
	ssl.protocol = TLSv1.3
	ssl.provider = null
	ssl.secure.random.implementation = null
	ssl.trustmanager.algorithm = PKIX
	ssl.truststore.certificates = null
	ssl.truststore.location = null
	ssl.truststore.password = null
	ssl.truststore.type = JKS
	transaction.timeout.ms = 60000
	transactional.id = null
	value.serializer = class com.dssns.common.event.NotificationEventSerializer

[2025-04-19 19:06:25:56744][http-nio-8201-exec-4] INFO  o.a.k.c.t.i.KafkaMetricsCollector - initializing Kafka metrics collector
[2025-04-19 19:06:25:56753][http-nio-8201-exec-4] INFO  o.a.k.c.producer.KafkaProducer - [Producer clientId=board-producer-1] Instantiated an idempotent producer.
[2025-04-19 19:06:25:56763][http-nio-8201-exec-4] INFO  o.a.k.common.utils.AppInfoParser - Kafka version: 3.9.0
[2025-04-19 19:06:25:56763][http-nio-8201-exec-4] INFO  o.a.k.common.utils.AppInfoParser - Kafka commitId: 84caaa6e9da06435
[2025-04-19 19:06:25:56763][http-nio-8201-exec-4] INFO  o.a.k.common.utils.AppInfoParser - Kafka startTimeMs: 1745057185473
[2025-04-19 19:06:25:56786][kafka-producer-network-thread | board-producer-1] INFO  org.apache.kafka.clients.Metadata - [Producer clientId=board-producer-1] Cluster ID: LqRRYF-bQaGLAwaA4plknQ
[2025-04-19 19:06:25:56981][kafka-producer-network-thread | board-producer-1] INFO  o.a.k.c.p.i.TransactionManager - [Producer clientId=board-producer-1] ProducerId set to 0 with epoch 0
[2025-04-19 19:06:25:57098][http-nio-8201-exec-4] INFO  c.d.c.e.NotificationEventProducer - Message sent successfully to topic: test, partition: 0, metaData: notification-events-0@0
[2025-04-19 19:06:25:57098][http-nio-8201-exec-4] INFO  c.d.c.e.NotificationEventProducer - Message sent successfully to topic: test, partition: 0, metaData: notification-events-0@0
[2025-04-19 19:06:25:57106][http-nio-8201-exec-4] INFO  c.d.c.i.UserActivityInterceptor - afterCompletion start: /posts/1/comments
[2025-04-19 19:06:25:57106][http-nio-8201-exec-4] INFO  c.d.c.i.UserActivityInterceptor - afterCompletion start: /posts/1/comments
[2025-04-19 19:06:25:57106][http-nio-8201-exec-4] INFO  c.d.c.i.UserActivityInterceptor - afterCompletion end: /posts/1/comments
[2025-04-19 19:06:25:57106][http-nio-8201-exec-4] INFO  c.d.c.i.UserActivityInterceptor - afterCompletion end: /posts/1/comments
[2025-04-19 19:06:26:57965][http-nio-8201-exec-6] INFO  c.d.board.controller.PostController - >>> PostController.addComment
[2025-04-19 19:06:26:57965][http-nio-8201-exec-6] INFO  c.d.board.controller.PostController - >>> PostController.addComment
[2025-04-19 19:06:26:57989][http-nio-8201-exec-6] DEBUG org.hibernate.SQL - 
    /* <criteria> */ select
        p1_0.post_no,
        p1_0.content,
        p1_0.created_by,
        p1_0.created_date,
        p1_0.del_yn,
        p1_0.last_modified_by,
        p1_0.last_modified_date,
        p1_0.type,
        p1_0.title 
    from
        post p1_0 
    where
        p1_0.post_no=? 
        and p1_0.del_yn=?
[2025-04-19 19:06:26:57994][http-nio-8201-exec-6] DEBUG org.hibernate.SQL - 
    /* insert for
        com.dssns.board.entity.Comment */insert 
    into
        comment (content, post_no) 
    values
        (?, ?)
[2025-04-19 19:06:26:58005][http-nio-8201-exec-6] INFO  c.d.c.e.NotificationEventProducer - Message sent successfully to topic: test, partition: 0, metaData: notification-events-0@1
[2025-04-19 19:06:26:58005][http-nio-8201-exec-6] INFO  c.d.c.e.NotificationEventProducer - Message sent successfully to topic: test, partition: 0, metaData: notification-events-0@1
[2025-04-19 19:06:26:58024][http-nio-8201-exec-6] INFO  c.d.c.i.UserActivityInterceptor - afterCompletion start: /posts/1/comments
[2025-04-19 19:06:26:58024][http-nio-8201-exec-6] INFO  c.d.c.i.UserActivityInterceptor - afterCompletion start: /posts/1/comments
[2025-04-19 19:06:26:58024][http-nio-8201-exec-6] INFO  c.d.c.i.UserActivityInterceptor - afterCompletion end: /posts/1/comments
[2025-04-19 19:06:26:58024][http-nio-8201-exec-6] INFO  c.d.c.i.UserActivityInterceptor - afterCompletion end: /posts/1/comments
[2025-04-19 19:06:26:58113][http-nio-8201-exec-7] INFO  c.d.board.controller.PostController - >>> PostController.addComment
[2025-04-19 19:06:26:58113][http-nio-8201-exec-7] INFO  c.d.board.controller.PostController - >>> PostController.addComment
[2025-04-19 19:06:26:58117][http-nio-8201-exec-7] DEBUG org.hibernate.SQL - 
    /* <criteria> */ select
        p1_0.post_no,
        p1_0.content,
        p1_0.created_by,
        p1_0.created_date,
        p1_0.del_yn,
        p1_0.last_modified_by,
        p1_0.last_modified_date,
        p1_0.type,
        p1_0.title 
    from
        post p1_0 
    where
        p1_0.post_no=? 
        and p1_0.del_yn=?
[2025-04-19 19:06:26:58120][http-nio-8201-exec-7] DEBUG org.hibernate.SQL - 
    /* insert for
        com.dssns.board.entity.Comment */insert 
    into
        comment (content, post_no) 
    values
        (?, ?)
[2025-04-19 19:06:26:58125][http-nio-8201-exec-7] INFO  c.d.c.e.NotificationEventProducer - Message sent successfully to topic: test, partition: 0, metaData: notification-events-0@2
[2025-04-19 19:06:26:58125][http-nio-8201-exec-7] INFO  c.d.c.e.NotificationEventProducer - Message sent successfully to topic: test, partition: 0, metaData: notification-events-0@2
[2025-04-19 19:06:26:58129][http-nio-8201-exec-7] INFO  c.d.c.i.UserActivityInterceptor - afterCompletion start: /posts/1/comments
[2025-04-19 19:06:26:58129][http-nio-8201-exec-7] INFO  c.d.c.i.UserActivityInterceptor - afterCompletion start: /posts/1/comments
[2025-04-19 19:06:26:58129][http-nio-8201-exec-7] INFO  c.d.c.i.UserActivityInterceptor - afterCompletion end: /posts/1/comments
[2025-04-19 19:06:26:58129][http-nio-8201-exec-7] INFO  c.d.c.i.UserActivityInterceptor - afterCompletion end: /posts/1/comments
[2025-04-19 19:06:27:58297][http-nio-8201-exec-8] INFO  c.d.board.controller.PostController - >>> PostController.addComment
[2025-04-19 19:06:27:58297][http-nio-8201-exec-8] INFO  c.d.board.controller.PostController - >>> PostController.addComment
[2025-04-19 19:06:27:58300][http-nio-8201-exec-8] DEBUG org.hibernate.SQL - 
    /* <criteria> */ select
        p1_0.post_no,
        p1_0.content,
        p1_0.created_by,
        p1_0.created_date,
        p1_0.del_yn,
        p1_0.last_modified_by,
        p1_0.last_modified_date,
        p1_0.type,
        p1_0.title 
    from
        post p1_0 
    where
        p1_0.post_no=? 
        and p1_0.del_yn=?
[2025-04-19 19:06:27:58302][http-nio-8201-exec-8] DEBUG org.hibernate.SQL - 
    /* insert for
        com.dssns.board.entity.Comment */insert 
    into
        comment (content, post_no) 
    values
        (?, ?)
[2025-04-19 19:06:27:58306][http-nio-8201-exec-8] INFO  c.d.c.e.NotificationEventProducer - Message sent successfully to topic: test, partition: 0, metaData: notification-events-0@3
[2025-04-19 19:06:27:58306][http-nio-8201-exec-8] INFO  c.d.c.e.NotificationEventProducer - Message sent successfully to topic: test, partition: 0, metaData: notification-events-0@3
[2025-04-19 19:06:27:58312][http-nio-8201-exec-8] INFO  c.d.c.i.UserActivityInterceptor - afterCompletion start: /posts/1/comments
[2025-04-19 19:06:27:58312][http-nio-8201-exec-8] INFO  c.d.c.i.UserActivityInterceptor - afterCompletion start: /posts/1/comments
[2025-04-19 19:06:27:58313][http-nio-8201-exec-8] INFO  c.d.c.i.UserActivityInterceptor - afterCompletion end: /posts/1/comments
[2025-04-19 19:06:27:58313][http-nio-8201-exec-8] INFO  c.d.c.i.UserActivityInterceptor - afterCompletion end: /posts/1/comments
[2025-04-19 19:06:27:58464][http-nio-8201-exec-9] INFO  c.d.board.controller.PostController - >>> PostController.addComment
[2025-04-19 19:06:27:58464][http-nio-8201-exec-9] INFO  c.d.board.controller.PostController - >>> PostController.addComment
[2025-04-19 19:06:27:58467][http-nio-8201-exec-9] DEBUG org.hibernate.SQL - 
    /* <criteria> */ select
        p1_0.post_no,
        p1_0.content,
        p1_0.created_by,
        p1_0.created_date,
        p1_0.del_yn,
        p1_0.last_modified_by,
        p1_0.last_modified_date,
        p1_0.type,
        p1_0.title 
    from
        post p1_0 
    where
        p1_0.post_no=? 
        and p1_0.del_yn=?
[2025-04-19 19:06:27:58471][http-nio-8201-exec-9] DEBUG org.hibernate.SQL - 
    /* insert for
        com.dssns.board.entity.Comment */insert 
    into
        comment (content, post_no) 
    values
        (?, ?)
[2025-04-19 19:06:27:58476][http-nio-8201-exec-9] INFO  c.d.c.e.NotificationEventProducer - Message sent successfully to topic: test, partition: 0, metaData: notification-events-0@4
[2025-04-19 19:06:27:58476][http-nio-8201-exec-9] INFO  c.d.c.e.NotificationEventProducer - Message sent successfully to topic: test, partition: 0, metaData: notification-events-0@4
[2025-04-19 19:06:27:58481][http-nio-8201-exec-9] INFO  c.d.c.i.UserActivityInterceptor - afterCompletion start: /posts/1/comments
[2025-04-19 19:06:27:58481][http-nio-8201-exec-9] INFO  c.d.c.i.UserActivityInterceptor - afterCompletion start: /posts/1/comments
[2025-04-19 19:06:27:58481][http-nio-8201-exec-9] INFO  c.d.c.i.UserActivityInterceptor - afterCompletion end: /posts/1/comments
[2025-04-19 19:06:27:58481][http-nio-8201-exec-9] INFO  c.d.c.i.UserActivityInterceptor - afterCompletion end: /posts/1/comments
[2025-04-19 19:06:27:58599][http-nio-8201-exec-10] INFO  c.d.board.controller.PostController - >>> PostController.addComment
[2025-04-19 19:06:27:58599][http-nio-8201-exec-10] INFO  c.d.board.controller.PostController - >>> PostController.addComment
[2025-04-19 19:06:27:58606][http-nio-8201-exec-10] DEBUG org.hibernate.SQL - 
    /* <criteria> */ select
        p1_0.post_no,
        p1_0.content,
        p1_0.created_by,
        p1_0.created_date,
        p1_0.del_yn,
        p1_0.last_modified_by,
        p1_0.last_modified_date,
        p1_0.type,
        p1_0.title 
    from
        post p1_0 
    where
        p1_0.post_no=? 
        and p1_0.del_yn=?
[2025-04-19 19:06:27:58609][http-nio-8201-exec-10] DEBUG org.hibernate.SQL - 
    /* insert for
        com.dssns.board.entity.Comment */insert 
    into
        comment (content, post_no) 
    values
        (?, ?)
[2025-04-19 19:06:27:58615][http-nio-8201-exec-10] INFO  c.d.c.e.NotificationEventProducer - Message sent successfully to topic: test, partition: 0, metaData: notification-events-0@5
[2025-04-19 19:06:27:58615][http-nio-8201-exec-10] INFO  c.d.c.e.NotificationEventProducer - Message sent successfully to topic: test, partition: 0, metaData: notification-events-0@5
[2025-04-19 19:06:27:58622][http-nio-8201-exec-10] INFO  c.d.c.i.UserActivityInterceptor - afterCompletion start: /posts/1/comments
[2025-04-19 19:06:27:58622][http-nio-8201-exec-10] INFO  c.d.c.i.UserActivityInterceptor - afterCompletion start: /posts/1/comments
[2025-04-19 19:06:27:58623][http-nio-8201-exec-10] INFO  c.d.c.i.UserActivityInterceptor - afterCompletion end: /posts/1/comments
[2025-04-19 19:06:27:58623][http-nio-8201-exec-10] INFO  c.d.c.i.UserActivityInterceptor - afterCompletion end: /posts/1/comments
[2025-04-19 19:06:27:58741][http-nio-8201-exec-1] INFO  c.d.board.controller.PostController - >>> PostController.addComment
[2025-04-19 19:06:27:58741][http-nio-8201-exec-1] INFO  c.d.board.controller.PostController - >>> PostController.addComment
[2025-04-19 19:06:27:58744][http-nio-8201-exec-1] DEBUG org.hibernate.SQL - 
    /* <criteria> */ select
        p1_0.post_no,
        p1_0.content,
        p1_0.created_by,
        p1_0.created_date,
        p1_0.del_yn,
        p1_0.last_modified_by,
        p1_0.last_modified_date,
        p1_0.type,
        p1_0.title 
    from
        post p1_0 
    where
        p1_0.post_no=? 
        and p1_0.del_yn=?
[2025-04-19 19:06:27:58747][http-nio-8201-exec-1] DEBUG org.hibernate.SQL - 
    /* insert for
        com.dssns.board.entity.Comment */insert 
    into
        comment (content, post_no) 
    values
        (?, ?)
[2025-04-19 19:06:27:58752][http-nio-8201-exec-1] INFO  c.d.c.e.NotificationEventProducer - Message sent successfully to topic: test, partition: 0, metaData: notification-events-0@6
[2025-04-19 19:06:27:58752][http-nio-8201-exec-1] INFO  c.d.c.e.NotificationEventProducer - Message sent successfully to topic: test, partition: 0, metaData: notification-events-0@6
[2025-04-19 19:06:27:58759][http-nio-8201-exec-1] INFO  c.d.c.i.UserActivityInterceptor - afterCompletion start: /posts/1/comments
[2025-04-19 19:06:27:58759][http-nio-8201-exec-1] INFO  c.d.c.i.UserActivityInterceptor - afterCompletion start: /posts/1/comments
[2025-04-19 19:06:27:58759][http-nio-8201-exec-1] INFO  c.d.c.i.UserActivityInterceptor - afterCompletion end: /posts/1/comments
[2025-04-19 19:06:27:58759][http-nio-8201-exec-1] INFO  c.d.c.i.UserActivityInterceptor - afterCompletion end: /posts/1/comments
[2025-04-19 19:06:27:58928][http-nio-8201-exec-2] INFO  c.d.board.controller.PostController - >>> PostController.addComment
[2025-04-19 19:06:27:58928][http-nio-8201-exec-2] INFO  c.d.board.controller.PostController - >>> PostController.addComment
[2025-04-19 19:06:27:58930][http-nio-8201-exec-2] DEBUG org.hibernate.SQL - 
    /* <criteria> */ select
        p1_0.post_no,
        p1_0.content,
        p1_0.created_by,
        p1_0.created_date,
        p1_0.del_yn,
        p1_0.last_modified_by,
        p1_0.last_modified_date,
        p1_0.type,
        p1_0.title 
    from
        post p1_0 
    where
        p1_0.post_no=? 
        and p1_0.del_yn=?
[2025-04-19 19:06:27:58933][http-nio-8201-exec-2] DEBUG org.hibernate.SQL - 
    /* insert for
        com.dssns.board.entity.Comment */insert 
    into
        comment (content, post_no) 
    values
        (?, ?)
[2025-04-19 19:06:27:58939][http-nio-8201-exec-2] INFO  c.d.c.e.NotificationEventProducer - Message sent successfully to topic: test, partition: 0, metaData: notification-events-0@7
[2025-04-19 19:06:27:58939][http-nio-8201-exec-2] INFO  c.d.c.e.NotificationEventProducer - Message sent successfully to topic: test, partition: 0, metaData: notification-events-0@7
[2025-04-19 19:06:27:58945][http-nio-8201-exec-2] INFO  c.d.c.i.UserActivityInterceptor - afterCompletion start: /posts/1/comments
[2025-04-19 19:06:27:58945][http-nio-8201-exec-2] INFO  c.d.c.i.UserActivityInterceptor - afterCompletion start: /posts/1/comments
[2025-04-19 19:06:27:58946][http-nio-8201-exec-2] INFO  c.d.c.i.UserActivityInterceptor - afterCompletion end: /posts/1/comments
[2025-04-19 19:06:27:58946][http-nio-8201-exec-2] INFO  c.d.c.i.UserActivityInterceptor - afterCompletion end: /posts/1/comments
[2025-04-19 19:06:27:59023][http-nio-8201-exec-3] INFO  c.d.board.controller.PostController - >>> PostController.addComment
[2025-04-19 19:06:27:59023][http-nio-8201-exec-3] INFO  c.d.board.controller.PostController - >>> PostController.addComment
[2025-04-19 19:06:27:59028][http-nio-8201-exec-3] DEBUG org.hibernate.SQL - 
    /* <criteria> */ select
        p1_0.post_no,
        p1_0.content,
        p1_0.created_by,
        p1_0.created_date,
        p1_0.del_yn,
        p1_0.last_modified_by,
        p1_0.last_modified_date,
        p1_0.type,
        p1_0.title 
    from
        post p1_0 
    where
        p1_0.post_no=? 
        and p1_0.del_yn=?
[2025-04-19 19:06:27:59032][http-nio-8201-exec-3] DEBUG org.hibernate.SQL - 
    /* insert for
        com.dssns.board.entity.Comment */insert 
    into
        comment (content, post_no) 
    values
        (?, ?)
[2025-04-19 19:06:27:59043][http-nio-8201-exec-3] INFO  c.d.c.e.NotificationEventProducer - Message sent successfully to topic: test, partition: 0, metaData: notification-events-0@8
[2025-04-19 19:06:27:59043][http-nio-8201-exec-3] INFO  c.d.c.e.NotificationEventProducer - Message sent successfully to topic: test, partition: 0, metaData: notification-events-0@8
[2025-04-19 19:06:27:59048][http-nio-8201-exec-3] INFO  c.d.c.i.UserActivityInterceptor - afterCompletion start: /posts/1/comments
[2025-04-19 19:06:27:59048][http-nio-8201-exec-3] INFO  c.d.c.i.UserActivityInterceptor - afterCompletion start: /posts/1/comments
[2025-04-19 19:06:27:59049][http-nio-8201-exec-3] INFO  c.d.c.i.UserActivityInterceptor - afterCompletion end: /posts/1/comments
[2025-04-19 19:06:27:59049][http-nio-8201-exec-3] INFO  c.d.c.i.UserActivityInterceptor - afterCompletion end: /posts/1/comments
[2025-04-19 19:06:27:59213][http-nio-8201-exec-4] INFO  c.d.board.controller.PostController - >>> PostController.addComment
[2025-04-19 19:06:27:59213][http-nio-8201-exec-4] INFO  c.d.board.controller.PostController - >>> PostController.addComment
[2025-04-19 19:06:27:59216][http-nio-8201-exec-4] DEBUG org.hibernate.SQL - 
    /* <criteria> */ select
        p1_0.post_no,
        p1_0.content,
        p1_0.created_by,
        p1_0.created_date,
        p1_0.del_yn,
        p1_0.last_modified_by,
        p1_0.last_modified_date,
        p1_0.type,
        p1_0.title 
    from
        post p1_0 
    where
        p1_0.post_no=? 
        and p1_0.del_yn=?
[2025-04-19 19:06:27:59218][http-nio-8201-exec-4] DEBUG org.hibernate.SQL - 
    /* insert for
        com.dssns.board.entity.Comment */insert 
    into
        comment (content, post_no) 
    values
        (?, ?)
[2025-04-19 19:06:27:59224][http-nio-8201-exec-4] INFO  c.d.c.e.NotificationEventProducer - Message sent successfully to topic: test, partition: 0, metaData: notification-events-0@9
[2025-04-19 19:06:27:59224][http-nio-8201-exec-4] INFO  c.d.c.e.NotificationEventProducer - Message sent successfully to topic: test, partition: 0, metaData: notification-events-0@9
[2025-04-19 19:06:27:59231][http-nio-8201-exec-4] INFO  c.d.c.i.UserActivityInterceptor - afterCompletion start: /posts/1/comments
[2025-04-19 19:06:27:59231][http-nio-8201-exec-4] INFO  c.d.c.i.UserActivityInterceptor - afterCompletion start: /posts/1/comments
[2025-04-19 19:06:27:59231][http-nio-8201-exec-4] INFO  c.d.c.i.UserActivityInterceptor - afterCompletion end: /posts/1/comments
[2025-04-19 19:06:27:59231][http-nio-8201-exec-4] INFO  c.d.c.i.UserActivityInterceptor - afterCompletion end: /posts/1/comments
[2025-04-19 19:06:31:63210][http-nio-8201-exec-8] WARN  o.s.w.s.m.m.a.ExceptionHandlerExceptionResolver - Resolved [org.springframework.web.servlet.resource.NoResourceFoundException: No static resource favicon.ico.]
[2025-04-19 19:06:31:63212][http-nio-8201-exec-8] INFO  c.d.c.i.UserActivityInterceptor - afterCompletion start: /favicon.ico
[2025-04-19 19:06:31:63212][http-nio-8201-exec-8] INFO  c.d.c.i.UserActivityInterceptor - afterCompletion start: /favicon.ico
[2025-04-19 19:06:31:63214][http-nio-8201-exec-8] INFO  c.d.c.i.UserActivityInterceptor - afterCompletion end: /favicon.ico
[2025-04-19 19:06:31:63214][http-nio-8201-exec-8] INFO  c.d.c.i.UserActivityInterceptor - afterCompletion end: /favicon.ico
[2025-04-19 19:06:34:66000][http-nio-8201-exec-10] WARN  o.s.w.s.m.m.a.ExceptionHandlerExceptionResolver - Resolved [org.springframework.web.servlet.resource.NoResourceFoundException: No static resource favicon.ico.]
[2025-04-19 19:06:34:66000][http-nio-8201-exec-10] INFO  c.d.c.i.UserActivityInterceptor - afterCompletion start: /favicon.ico
[2025-04-19 19:06:34:66000][http-nio-8201-exec-10] INFO  c.d.c.i.UserActivityInterceptor - afterCompletion start: /favicon.ico
[2025-04-19 19:06:34:66001][http-nio-8201-exec-10] INFO  c.d.c.i.UserActivityInterceptor - afterCompletion end: /favicon.ico
[2025-04-19 19:06:34:66001][http-nio-8201-exec-10] INFO  c.d.c.i.UserActivityInterceptor - afterCompletion end: /favicon.ico
[2025-04-19 19:47:13:2505168][http-nio-8201-exec-4] WARN  o.s.w.s.m.m.a.ExceptionHandlerExceptionResolver - Resolved [org.springframework.web.servlet.resource.NoResourceFoundException: No static resource favicon.ico.]
[2025-04-19 19:47:13:2505171][http-nio-8201-exec-4] INFO  c.d.c.i.UserActivityInterceptor - afterCompletion start: /favicon.ico
[2025-04-19 19:47:13:2505171][http-nio-8201-exec-4] INFO  c.d.c.i.UserActivityInterceptor - afterCompletion start: /favicon.ico
[2025-04-19 19:47:13:2505173][http-nio-8201-exec-4] INFO  c.d.c.i.UserActivityInterceptor - afterCompletion end: /favicon.ico
[2025-04-19 19:47:13:2505173][http-nio-8201-exec-4] INFO  c.d.c.i.UserActivityInterceptor - afterCompletion end: /favicon.ico
[2025-04-19 20:03:11:3462761][http-nio-8201-exec-3] INFO  c.d.board.controller.PostController - >>> PostController.getPostDetail
[2025-04-19 20:03:11:3462761][http-nio-8201-exec-3] INFO  c.d.board.controller.PostController - >>> PostController.getPostDetail
[2025-04-19 20:03:11:3462791][http-nio-8201-exec-3] DEBUG o.s.jdbc.datasource.DataSourceUtils - Setting JDBC Connection [HikariProxyConnection@436611010 wrapping com.mysql.cj.jdbc.ConnectionImpl@35f141b6] read-only
[2025-04-19 20:03:11:3462813][http-nio-8201-exec-3] DEBUG org.hibernate.SQL - 
    /* <criteria> */ select
        p1_0.post_no,
        p1_0.content,
        p1_0.created_by,
        p1_0.created_date,
        p1_0.del_yn,
        p1_0.last_modified_by,
        p1_0.last_modified_date,
        p1_0.type,
        p1_0.title 
    from
        post p1_0 
    where
        p1_0.post_no=? 
        and p1_0.del_yn=?
[2025-04-19 20:03:11:3462832][http-nio-8201-exec-3] DEBUG o.s.jdbc.datasource.DataSourceUtils - Resetting read-only flag of JDBC Connection [HikariProxyConnection@436611010 wrapping com.mysql.cj.jdbc.ConnectionImpl@35f141b6]
[2025-04-19 20:03:11:3462843][http-nio-8201-exec-3] INFO  c.d.c.i.UserActivityInterceptor - afterCompletion start: /posts/3
[2025-04-19 20:03:11:3462843][http-nio-8201-exec-3] INFO  c.d.c.i.UserActivityInterceptor - afterCompletion start: /posts/3
[2025-04-19 20:03:11:3462846][http-nio-8201-exec-3] INFO  c.d.c.i.UserActivityInterceptor - afterCompletion end: /posts/3
[2025-04-19 20:03:11:3462846][http-nio-8201-exec-3] INFO  c.d.c.i.UserActivityInterceptor - afterCompletion end: /posts/3
[2025-04-19 20:03:11:3463196][http-nio-8201-exec-4] INFO  c.d.board.controller.PostController - >>> PostController.getPostDetail
[2025-04-19 20:03:11:3463196][http-nio-8201-exec-4] INFO  c.d.board.controller.PostController - >>> PostController.getPostDetail
[2025-04-19 20:03:11:3463196][http-nio-8201-exec-4] DEBUG o.s.jdbc.datasource.DataSourceUtils - Setting JDBC Connection [HikariProxyConnection@304334758 wrapping com.mysql.cj.jdbc.ConnectionImpl@35f141b6] read-only
[2025-04-19 20:03:11:3463201][http-nio-8201-exec-4] DEBUG org.hibernate.SQL - 
    /* <criteria> */ select
        p1_0.post_no,
        p1_0.content,
        p1_0.created_by,
        p1_0.created_date,
        p1_0.del_yn,
        p1_0.last_modified_by,
        p1_0.last_modified_date,
        p1_0.type,
        p1_0.title 
    from
        post p1_0 
    where
        p1_0.post_no=? 
        and p1_0.del_yn=?
[2025-04-19 20:03:11:3463204][http-nio-8201-exec-4] DEBUG o.s.jdbc.datasource.DataSourceUtils - Resetting read-only flag of JDBC Connection [HikariProxyConnection@304334758 wrapping com.mysql.cj.jdbc.ConnectionImpl@35f141b6]
[2025-04-19 20:03:11:3463205][http-nio-8201-exec-4] INFO  c.d.c.i.UserActivityInterceptor - afterCompletion start: /posts/3
[2025-04-19 20:03:11:3463205][http-nio-8201-exec-4] INFO  c.d.c.i.UserActivityInterceptor - afterCompletion start: /posts/3
[2025-04-19 20:03:11:3463205][http-nio-8201-exec-4] INFO  c.d.c.i.UserActivityInterceptor - afterCompletion end: /posts/3
[2025-04-19 20:03:11:3463205][http-nio-8201-exec-4] INFO  c.d.c.i.UserActivityInterceptor - afterCompletion end: /posts/3
[2025-04-19 20:03:12:3463358][http-nio-8201-exec-5] INFO  c.d.board.controller.PostController - >>> PostController.getPostDetail
[2025-04-19 20:03:12:3463358][http-nio-8201-exec-5] INFO  c.d.board.controller.PostController - >>> PostController.getPostDetail
[2025-04-19 20:03:12:3463364][http-nio-8201-exec-5] DEBUG o.s.jdbc.datasource.DataSourceUtils - Setting JDBC Connection [HikariProxyConnection@265209104 wrapping com.mysql.cj.jdbc.ConnectionImpl@35f141b6] read-only
[2025-04-19 20:03:12:3463390][http-nio-8201-exec-5] DEBUG org.hibernate.SQL - 
    /* <criteria> */ select
        p1_0.post_no,
        p1_0.content,
        p1_0.created_by,
        p1_0.created_date,
        p1_0.del_yn,
        p1_0.last_modified_by,
        p1_0.last_modified_date,
        p1_0.type,
        p1_0.title 
    from
        post p1_0 
    where
        p1_0.post_no=? 
        and p1_0.del_yn=?
[2025-04-19 20:03:12:3463395][http-nio-8201-exec-5] DEBUG o.s.jdbc.datasource.DataSourceUtils - Resetting read-only flag of JDBC Connection [HikariProxyConnection@265209104 wrapping com.mysql.cj.jdbc.ConnectionImpl@35f141b6]
[2025-04-19 20:03:12:3463398][http-nio-8201-exec-5] INFO  c.d.c.i.UserActivityInterceptor - afterCompletion start: /posts/3
[2025-04-19 20:03:12:3463398][http-nio-8201-exec-5] INFO  c.d.c.i.UserActivityInterceptor - afterCompletion start: /posts/3
[2025-04-19 20:03:12:3463400][http-nio-8201-exec-5] INFO  c.d.c.i.UserActivityInterceptor - afterCompletion end: /posts/3
[2025-04-19 20:03:12:3463400][http-nio-8201-exec-5] INFO  c.d.c.i.UserActivityInterceptor - afterCompletion end: /posts/3
[2025-04-19 20:03:12:3463553][http-nio-8201-exec-6] INFO  c.d.board.controller.PostController - >>> PostController.getPostDetail
[2025-04-19 20:03:12:3463553][http-nio-8201-exec-6] INFO  c.d.board.controller.PostController - >>> PostController.getPostDetail
[2025-04-19 20:03:12:3463554][http-nio-8201-exec-6] DEBUG o.s.jdbc.datasource.DataSourceUtils - Setting JDBC Connection [HikariProxyConnection@1724219155 wrapping com.mysql.cj.jdbc.ConnectionImpl@35f141b6] read-only
[2025-04-19 20:03:12:3463560][http-nio-8201-exec-6] DEBUG org.hibernate.SQL - 
    /* <criteria> */ select
        p1_0.post_no,
        p1_0.content,
        p1_0.created_by,
        p1_0.created_date,
        p1_0.del_yn,
        p1_0.last_modified_by,
        p1_0.last_modified_date,
        p1_0.type,
        p1_0.title 
    from
        post p1_0 
    where
        p1_0.post_no=? 
        and p1_0.del_yn=?
[2025-04-19 20:03:12:3463566][http-nio-8201-exec-6] DEBUG o.s.jdbc.datasource.DataSourceUtils - Resetting read-only flag of JDBC Connection [HikariProxyConnection@1724219155 wrapping com.mysql.cj.jdbc.ConnectionImpl@35f141b6]
[2025-04-19 20:03:12:3463571][http-nio-8201-exec-6] INFO  c.d.c.i.UserActivityInterceptor - afterCompletion start: /posts/3
[2025-04-19 20:03:12:3463571][http-nio-8201-exec-6] INFO  c.d.c.i.UserActivityInterceptor - afterCompletion start: /posts/3
[2025-04-19 20:03:12:3463571][http-nio-8201-exec-6] INFO  c.d.c.i.UserActivityInterceptor - afterCompletion end: /posts/3
[2025-04-19 20:03:12:3463571][http-nio-8201-exec-6] INFO  c.d.c.i.UserActivityInterceptor - afterCompletion end: /posts/3
[2025-04-19 20:03:12:3463785][http-nio-8201-exec-7] INFO  c.d.board.controller.PostController - >>> PostController.getPostDetail
[2025-04-19 20:03:12:3463785][http-nio-8201-exec-7] INFO  c.d.board.controller.PostController - >>> PostController.getPostDetail
[2025-04-19 20:03:12:3463786][http-nio-8201-exec-7] DEBUG o.s.jdbc.datasource.DataSourceUtils - Setting JDBC Connection [HikariProxyConnection@1871946699 wrapping com.mysql.cj.jdbc.ConnectionImpl@35f141b6] read-only
[2025-04-19 20:03:12:3463819][http-nio-8201-exec-7] DEBUG org.hibernate.SQL - 
    /* <criteria> */ select
        p1_0.post_no,
        p1_0.content,
        p1_0.created_by,
        p1_0.created_date,
        p1_0.del_yn,
        p1_0.last_modified_by,
        p1_0.last_modified_date,
        p1_0.type,
        p1_0.title 
    from
        post p1_0 
    where
        p1_0.post_no=? 
        and p1_0.del_yn=?
[2025-04-19 20:03:12:3463837][http-nio-8201-exec-7] DEBUG o.s.jdbc.datasource.DataSourceUtils - Resetting read-only flag of JDBC Connection [HikariProxyConnection@1871946699 wrapping com.mysql.cj.jdbc.ConnectionImpl@35f141b6]
[2025-04-19 20:03:12:3463839][http-nio-8201-exec-7] INFO  c.d.c.i.UserActivityInterceptor - afterCompletion start: /posts/3
[2025-04-19 20:03:12:3463839][http-nio-8201-exec-7] INFO  c.d.c.i.UserActivityInterceptor - afterCompletion start: /posts/3
[2025-04-19 20:03:12:3463839][http-nio-8201-exec-7] INFO  c.d.c.i.UserActivityInterceptor - afterCompletion end: /posts/3
[2025-04-19 20:03:12:3463839][http-nio-8201-exec-7] INFO  c.d.c.i.UserActivityInterceptor - afterCompletion end: /posts/3
[2025-04-19 20:03:12:3463902][http-nio-8201-exec-8] INFO  c.d.board.controller.PostController - >>> PostController.getPostDetail
[2025-04-19 20:03:12:3463902][http-nio-8201-exec-8] INFO  c.d.board.controller.PostController - >>> PostController.getPostDetail
[2025-04-19 20:03:12:3463903][http-nio-8201-exec-8] DEBUG o.s.jdbc.datasource.DataSourceUtils - Setting JDBC Connection [HikariProxyConnection@777160412 wrapping com.mysql.cj.jdbc.ConnectionImpl@35f141b6] read-only
[2025-04-19 20:03:12:3463932][http-nio-8201-exec-8] DEBUG org.hibernate.SQL - 
    /* <criteria> */ select
        p1_0.post_no,
        p1_0.content,
        p1_0.created_by,
        p1_0.created_date,
        p1_0.del_yn,
        p1_0.last_modified_by,
        p1_0.last_modified_date,
        p1_0.type,
        p1_0.title 
    from
        post p1_0 
    where
        p1_0.post_no=? 
        and p1_0.del_yn=?
[2025-04-19 20:03:12:3463946][http-nio-8201-exec-8] DEBUG o.s.jdbc.datasource.DataSourceUtils - Resetting read-only flag of JDBC Connection [HikariProxyConnection@777160412 wrapping com.mysql.cj.jdbc.ConnectionImpl@35f141b6]
[2025-04-19 20:03:12:3463952][http-nio-8201-exec-8] INFO  c.d.c.i.UserActivityInterceptor - afterCompletion start: /posts/3
[2025-04-19 20:03:12:3463952][http-nio-8201-exec-8] INFO  c.d.c.i.UserActivityInterceptor - afterCompletion start: /posts/3
[2025-04-19 20:03:12:3463953][http-nio-8201-exec-8] INFO  c.d.c.i.UserActivityInterceptor - afterCompletion end: /posts/3
[2025-04-19 20:03:12:3463953][http-nio-8201-exec-8] INFO  c.d.c.i.UserActivityInterceptor - afterCompletion end: /posts/3
[2025-04-19 20:03:12:3464061][http-nio-8201-exec-9] INFO  c.d.board.controller.PostController - >>> PostController.getPostDetail
[2025-04-19 20:03:12:3464061][http-nio-8201-exec-9] INFO  c.d.board.controller.PostController - >>> PostController.getPostDetail
[2025-04-19 20:03:12:3464062][http-nio-8201-exec-9] DEBUG o.s.jdbc.datasource.DataSourceUtils - Setting JDBC Connection [HikariProxyConnection@1864523015 wrapping com.mysql.cj.jdbc.ConnectionImpl@35f141b6] read-only
[2025-04-19 20:03:12:3464073][http-nio-8201-exec-9] DEBUG org.hibernate.SQL - 
    /* <criteria> */ select
        p1_0.post_no,
        p1_0.content,
        p1_0.created_by,
        p1_0.created_date,
        p1_0.del_yn,
        p1_0.last_modified_by,
        p1_0.last_modified_date,
        p1_0.type,
        p1_0.title 
    from
        post p1_0 
    where
        p1_0.post_no=? 
        and p1_0.del_yn=?
[2025-04-19 20:03:12:3464086][http-nio-8201-exec-9] DEBUG o.s.jdbc.datasource.DataSourceUtils - Resetting read-only flag of JDBC Connection [HikariProxyConnection@1864523015 wrapping com.mysql.cj.jdbc.ConnectionImpl@35f141b6]
[2025-04-19 20:03:12:3464089][http-nio-8201-exec-9] INFO  c.d.c.i.UserActivityInterceptor - afterCompletion start: /posts/3
[2025-04-19 20:03:12:3464089][http-nio-8201-exec-9] INFO  c.d.c.i.UserActivityInterceptor - afterCompletion start: /posts/3
[2025-04-19 20:03:12:3464090][http-nio-8201-exec-9] INFO  c.d.c.i.UserActivityInterceptor - afterCompletion end: /posts/3
[2025-04-19 20:03:12:3464090][http-nio-8201-exec-9] INFO  c.d.c.i.UserActivityInterceptor - afterCompletion end: /posts/3
[2025-04-19 20:03:12:3464234][http-nio-8201-exec-10] INFO  c.d.board.controller.PostController - >>> PostController.getPostDetail
[2025-04-19 20:03:12:3464234][http-nio-8201-exec-10] INFO  c.d.board.controller.PostController - >>> PostController.getPostDetail
[2025-04-19 20:03:12:3464236][http-nio-8201-exec-10] DEBUG o.s.jdbc.datasource.DataSourceUtils - Setting JDBC Connection [HikariProxyConnection@1784455831 wrapping com.mysql.cj.jdbc.ConnectionImpl@35f141b6] read-only
[2025-04-19 20:03:12:3464242][http-nio-8201-exec-10] DEBUG org.hibernate.SQL - 
    /* <criteria> */ select
        p1_0.post_no,
        p1_0.content,
        p1_0.created_by,
        p1_0.created_date,
        p1_0.del_yn,
        p1_0.last_modified_by,
        p1_0.last_modified_date,
        p1_0.type,
        p1_0.title 
    from
        post p1_0 
    where
        p1_0.post_no=? 
        and p1_0.del_yn=?
[2025-04-19 20:03:12:3464249][http-nio-8201-exec-10] DEBUG o.s.jdbc.datasource.DataSourceUtils - Resetting read-only flag of JDBC Connection [HikariProxyConnection@1784455831 wrapping com.mysql.cj.jdbc.ConnectionImpl@35f141b6]
[2025-04-19 20:03:12:3464253][http-nio-8201-exec-10] INFO  c.d.c.i.UserActivityInterceptor - afterCompletion start: /posts/3
[2025-04-19 20:03:12:3464253][http-nio-8201-exec-10] INFO  c.d.c.i.UserActivityInterceptor - afterCompletion start: /posts/3
[2025-04-19 20:03:12:3464255][http-nio-8201-exec-10] INFO  c.d.c.i.UserActivityInterceptor - afterCompletion end: /posts/3
[2025-04-19 20:03:12:3464255][http-nio-8201-exec-10] INFO  c.d.c.i.UserActivityInterceptor - afterCompletion end: /posts/3
[2025-04-19 20:03:13:3464391][http-nio-8201-exec-1] INFO  c.d.board.controller.PostController - >>> PostController.getPostDetail
[2025-04-19 20:03:13:3464391][http-nio-8201-exec-1] INFO  c.d.board.controller.PostController - >>> PostController.getPostDetail
[2025-04-19 20:03:13:3464395][http-nio-8201-exec-1] DEBUG o.s.jdbc.datasource.DataSourceUtils - Setting JDBC Connection [HikariProxyConnection@1208148171 wrapping com.mysql.cj.jdbc.ConnectionImpl@35f141b6] read-only
[2025-04-19 20:03:13:3464403][http-nio-8201-exec-1] DEBUG org.hibernate.SQL - 
    /* <criteria> */ select
        p1_0.post_no,
        p1_0.content,
        p1_0.created_by,
        p1_0.created_date,
        p1_0.del_yn,
        p1_0.last_modified_by,
        p1_0.last_modified_date,
        p1_0.type,
        p1_0.title 
    from
        post p1_0 
    where
        p1_0.post_no=? 
        and p1_0.del_yn=?
[2025-04-19 20:03:13:3464411][http-nio-8201-exec-1] DEBUG o.s.jdbc.datasource.DataSourceUtils - Resetting read-only flag of JDBC Connection [HikariProxyConnection@1208148171 wrapping com.mysql.cj.jdbc.ConnectionImpl@35f141b6]
[2025-04-19 20:03:13:3464414][http-nio-8201-exec-1] INFO  c.d.c.i.UserActivityInterceptor - afterCompletion start: /posts/3
[2025-04-19 20:03:13:3464414][http-nio-8201-exec-1] INFO  c.d.c.i.UserActivityInterceptor - afterCompletion start: /posts/3
[2025-04-19 20:03:13:3464415][http-nio-8201-exec-1] INFO  c.d.c.i.UserActivityInterceptor - afterCompletion end: /posts/3
[2025-04-19 20:03:13:3464415][http-nio-8201-exec-1] INFO  c.d.c.i.UserActivityInterceptor - afterCompletion end: /posts/3
[2025-04-19 20:04:50:3562016][http-nio-8201-exec-7] WARN  o.s.w.s.m.m.a.ExceptionHandlerExceptionResolver - Resolved [org.springframework.web.servlet.resource.NoResourceFoundException: No static resource favicon.ico.]
[2025-04-19 20:04:50:3562020][http-nio-8201-exec-7] INFO  c.d.c.i.UserActivityInterceptor - afterCompletion start: /favicon.ico
[2025-04-19 20:04:50:3562020][http-nio-8201-exec-7] INFO  c.d.c.i.UserActivityInterceptor - afterCompletion start: /favicon.ico
[2025-04-19 20:04:50:3562023][http-nio-8201-exec-7] INFO  c.d.c.i.UserActivityInterceptor - afterCompletion end: /favicon.ico
[2025-04-19 20:04:50:3562023][http-nio-8201-exec-7] INFO  c.d.c.i.UserActivityInterceptor - afterCompletion end: /favicon.ico
[2025-04-19 20:12:38:4029929][SpringApplicationShutdownHook] INFO  o.a.k.c.producer.KafkaProducer - [Producer clientId=board-producer-1] Closing the Kafka producer with timeoutMillis = 30000 ms.
[2025-04-19 20:12:38:4029945][SpringApplicationShutdownHook] INFO  o.a.kafka.common.metrics.Metrics - Metrics scheduler closed
[2025-04-19 20:12:38:4029945][SpringApplicationShutdownHook] INFO  o.a.kafka.common.metrics.Metrics - Closing reporter org.apache.kafka.common.metrics.JmxReporter
[2025-04-19 20:12:38:4029946][SpringApplicationShutdownHook] INFO  o.a.kafka.common.metrics.Metrics - Closing reporter org.apache.kafka.common.telemetry.internals.ClientTelemetryReporter
[2025-04-19 20:12:38:4029946][SpringApplicationShutdownHook] INFO  o.a.kafka.common.metrics.Metrics - Metrics reporters closed
[2025-04-19 20:12:38:4029948][SpringApplicationShutdownHook] INFO  o.a.k.common.utils.AppInfoParser - App info kafka.producer for board-producer-1 unregistered
[2025-04-19 20:12:38:4029996][SpringApplicationShutdownHook] INFO  o.s.o.j.LocalContainerEntityManagerFactoryBean - Closing JPA EntityManagerFactory for persistence unit 'default'
[2025-04-19 20:12:38:4030126][SpringApplicationShutdownHook] INFO  com.zaxxer.hikari.HikariDataSource - HikariPool-1 - Shutdown initiated...
[2025-04-19 20:12:38:4030174][SpringApplicationShutdownHook] INFO  com.zaxxer.hikari.HikariDataSource - HikariPool-1 - Shutdown completed.
